<?xml version="1.0" encoding="UTF-8"?>
<coverage generated="1507992370251" clover="3.2.0">
  <project timestamp="1507992370252" name="All files">
    <metrics statements="140" coveredstatements="0" conditionals="133" coveredconditionals="0" methods="90" coveredmethods="0" elements="363" coveredelements="0" complexity="0" loc="140" ncloc="140" packages="15" files="33" classes="33">
      <package name="src">
        <metrics statements="6" coveredstatements="0" conditionals="8" coveredconditionals="0" methods="3" coveredmethods="0"/>
        <file name="MyInputComponent.js" path="C:\Users\MrDan\Documents\code\twinportrait\src\MyInputComponent.js">
          <metrics statements="1" coveredstatements="0" conditionals="0" coveredconditionals="0" methods="1" coveredmethods="0"/>
          <line num="8" count="0" type="stmt"/>
        </file>
        <file name="index.js" path="C:\Users\MrDan\Documents\code\twinportrait\src\index.js">
          <metrics statements="4" coveredstatements="0" conditionals="4" coveredconditionals="0" methods="1" coveredmethods="0"/>
          <line num="1" count="0" type="stmt"/>
          <line num="9" count="0" type="cond" truecount="0" falsecount="4"/>
          <line num="11" count="0" type="stmt"/>
          <line num="12" count="0" type="stmt"/>
        </file>
        <file name="setupTests.js" path="C:\Users\MrDan\Documents\code\twinportrait\src\setupTests.js">
          <metrics statements="1" coveredstatements="0" conditionals="4" coveredconditionals="0" methods="1" coveredmethods="0"/>
          <line num="2" count="0" type="cond" truecount="0" falsecount="4"/>
        </file>
      </package>
      <package name="src.actions">
        <metrics statements="18" coveredstatements="0" conditionals="12" coveredconditionals="0" methods="22" coveredmethods="0"/>
        <file name="landmark-select-actions.js" path="C:\Users\MrDan\Documents\code\twinportrait\src\actions\landmark-select-actions.js">
          <metrics statements="4" coveredstatements="0" conditionals="4" coveredconditionals="0" methods="5" coveredmethods="0"/>
          <line num="1" count="0" type="stmt"/>
          <line num="13" count="0" type="cond" truecount="0" falsecount="4"/>
          <line num="15" count="0" type="stmt"/>
          <line num="16" count="0" type="stmt"/>
        </file>
        <file name="portrait-actions.js" path="C:\Users\MrDan\Documents\code\twinportrait\src\actions\portrait-actions.js">
          <metrics statements="7" coveredstatements="0" conditionals="4" coveredconditionals="0" methods="13" coveredmethods="0"/>
          <line num="1" count="0" type="stmt"/>
          <line num="56" count="0" type="cond" truecount="0" falsecount="4"/>
          <line num="58" count="0" type="stmt"/>
          <line num="59" count="0" type="stmt"/>
          <line num="62" count="0" type="stmt"/>
          <line num="63" count="0" type="stmt"/>
          <line num="69" count="0" type="stmt"/>
        </file>
        <file name="user-actions.js" path="C:\Users\MrDan\Documents\code\twinportrait\src\actions\user-actions.js">
          <metrics statements="7" coveredstatements="0" conditionals="4" coveredconditionals="0" methods="4" coveredmethods="0"/>
          <line num="1" count="0" type="stmt"/>
          <line num="5" count="0" type="cond" truecount="0" falsecount="4"/>
          <line num="7" count="0" type="stmt"/>
          <line num="8" count="0" type="stmt"/>
          <line num="10" count="0" type="stmt"/>
          <line num="11" count="0" type="stmt"/>
          <line num="17" count="0" type="stmt"/>
        </file>
      </package>
      <package name="src.components">
        <metrics statements="6" coveredstatements="0" conditionals="8" coveredconditionals="0" methods="4" coveredmethods="0"/>
        <file name="floating-button.js" path="C:\Users\MrDan\Documents\code\twinportrait\src\components\floating-button.js">
          <metrics statements="3" coveredstatements="0" conditionals="4" coveredconditionals="0" methods="2" coveredmethods="0"/>
          <line num="1" count="0" type="stmt"/>
          <line num="4" count="0" type="cond" truecount="0" falsecount="4"/>
          <line num="11" count="0" type="stmt"/>
        </file>
        <file name="home.js" path="C:\Users\MrDan\Documents\code\twinportrait\src\components\home.js">
          <metrics statements="3" coveredstatements="0" conditionals="4" coveredconditionals="0" methods="2" coveredmethods="0"/>
          <line num="1" count="0" type="stmt"/>
          <line num="7" count="0" type="cond" truecount="0" falsecount="4"/>
          <line num="70" count="0" type="stmt"/>
        </file>
      </package>
      <package name="src.components.landmark">
        <metrics statements="12" coveredstatements="0" conditionals="10" coveredconditionals="0" methods="11" coveredmethods="0"/>
        <file name="landmarks-list-item.js" path="C:\Users\MrDan\Documents\code\twinportrait\src\components\landmark\landmarks-list-item.js">
          <metrics statements="7" coveredstatements="0" conditionals="6" coveredconditionals="0" methods="8" coveredmethods="0"/>
          <line num="1" count="0" type="stmt"/>
          <line num="10" count="0" type="cond" truecount="0" falsecount="4"/>
          <line num="12" count="0" type="stmt"/>
          <line num="17" count="0" type="stmt"/>
          <line num="96" count="0" type="cond" truecount="0" falsecount="2"/>
          <line num="99" count="0" type="stmt"/>
          <line num="103" count="0" type="stmt"/>
        </file>
        <file name="landmarks-list.js" path="C:\Users\MrDan\Documents\code\twinportrait\src\components\landmark\landmarks-list.js">
          <metrics statements="5" coveredstatements="0" conditionals="4" coveredconditionals="0" methods="3" coveredmethods="0"/>
          <line num="1" count="0" type="stmt"/>
          <line num="4" count="0" type="cond" truecount="0" falsecount="4"/>
          <line num="10" count="0" type="stmt"/>
          <line num="28" count="0" type="stmt"/>
          <line num="31" count="0" type="stmt"/>
        </file>
      </package>
      <package name="src.components.modals">
        <metrics statements="7" coveredstatements="0" conditionals="10" coveredconditionals="0" methods="7" coveredmethods="0"/>
        <file name="help-modal.js" path="C:\Users\MrDan\Documents\code\twinportrait\src\components\modals\help-modal.js">
          <metrics statements="3" coveredstatements="0" conditionals="4" coveredconditionals="0" methods="2" coveredmethods="0"/>
          <line num="1" count="0" type="stmt"/>
          <line num="5" count="0" type="cond" truecount="0" falsecount="4"/>
          <line num="12" count="0" type="stmt"/>
        </file>
        <file name="registration-modal.js" path="C:\Users\MrDan\Documents\code\twinportrait\src\components\modals\registration-modal.js">
          <metrics statements="4" coveredstatements="0" conditionals="6" coveredconditionals="0" methods="5" coveredmethods="0"/>
          <line num="1" count="0" type="stmt"/>
          <line num="13" count="0" type="stmt"/>
          <line num="112" count="0" type="cond" truecount="0" falsecount="6"/>
          <line num="115" count="0" type="stmt"/>
        </file>
      </package>
      <package name="src.components.modals.help-body">
        <metrics statements="9" coveredstatements="0" conditionals="4" coveredconditionals="0" methods="3" coveredmethods="0"/>
        <file name="body.js" path="C:\Users\MrDan\Documents\code\twinportrait\src\components\modals\help-body\body.js">
          <metrics statements="4" coveredstatements="0" conditionals="0" coveredconditionals="0" methods="2" coveredmethods="0"/>
          <line num="1" count="0" type="stmt"/>
          <line num="11" count="0" type="stmt"/>
          <line num="17" count="0" type="stmt"/>
          <line num="20" count="0" type="stmt"/>
        </file>
        <file name="content-list.js" path="C:\Users\MrDan\Documents\code\twinportrait\src\components\modals\help-body\content-list.js">
          <metrics statements="5" coveredstatements="0" conditionals="4" coveredconditionals="0" methods="1" coveredmethods="0"/>
          <line num="1" count="0" type="stmt"/>
          <line num="11" count="0" type="cond" truecount="0" falsecount="4"/>
          <line num="13" count="0" type="stmt"/>
          <line num="31" count="0" type="stmt"/>
          <line num="54" count="0" type="stmt"/>
        </file>
      </package>
      <package name="src.components.modals.portrait-info">
        <metrics statements="9" coveredstatements="0" conditionals="7" coveredconditionals="0" methods="7" coveredmethods="0"/>
        <file name="portrait-info-modal.js" path="C:\Users\MrDan\Documents\code\twinportrait\src\components\modals\portrait-info\portrait-info-modal.js">
          <metrics statements="9" coveredstatements="0" conditionals="7" coveredconditionals="0" methods="7" coveredmethods="0"/>
          <line num="1" count="0" type="stmt"/>
          <line num="8" count="0" type="cond" truecount="0" falsecount="4"/>
          <line num="13" count="0" type="stmt"/>
          <line num="25" count="0" type="stmt"/>
          <line num="30" count="0" type="stmt"/>
          <line num="31" count="0" type="stmt"/>
          <line num="39" count="0" type="stmt"/>
          <line num="95" count="0" type="stmt"/>
          <line num="101" count="0" type="stmt"/>
        </file>
      </package>
      <package name="src.constants">
        <metrics statements="3" coveredstatements="0" conditionals="0" coveredconditionals="0" methods="0" coveredmethods="0"/>
        <file name="action-types.js" path="C:\Users\MrDan\Documents\code\twinportrait\src\constants\action-types.js">
          <metrics statements="1" coveredstatements="0" conditionals="0" coveredconditionals="0" methods="0" coveredmethods="0"/>
          <line num="1" count="0" type="stmt"/>
        </file>
        <file name="api-routes.js" path="C:\Users\MrDan\Documents\code\twinportrait\src\constants\api-routes.js">
          <metrics statements="1" coveredstatements="0" conditionals="0" coveredconditionals="0" methods="0" coveredmethods="0"/>
          <line num="1" count="0" type="stmt"/>
        </file>
        <file name="landmarks.js" path="C:\Users\MrDan\Documents\code\twinportrait\src\constants\landmarks.js">
          <metrics statements="1" coveredstatements="0" conditionals="0" coveredconditionals="0" methods="0" coveredmethods="0"/>
          <line num="1" count="0" type="stmt"/>
        </file>
      </package>
      <package name="src.containers.App">
        <metrics statements="21" coveredstatements="0" conditionals="16" coveredconditionals="0" methods="14" coveredmethods="0"/>
        <file name="index.js" path="C:\Users\MrDan\Documents\code\twinportrait\src\containers\App\index.js">
          <metrics statements="9" coveredstatements="0" conditionals="6" coveredconditionals="0" methods="9" coveredmethods="0"/>
          <line num="1" count="0" type="stmt"/>
          <line num="19" count="0" type="cond" truecount="0" falsecount="4"/>
          <line num="21" count="0" type="stmt"/>
          <line num="26" count="0" type="stmt"/>
          <line num="241" count="0" type="cond" truecount="0" falsecount="2"/>
          <line num="242" count="0" type="stmt"/>
          <line num="243" count="0" type="stmt"/>
          <line num="244" count="0" type="stmt"/>
          <line num="250" count="0" type="stmt"/>
        </file>
        <file name="joyride-steps.js" path="C:\Users\MrDan\Documents\code\twinportrait\src\containers\App\joyride-steps.js">
          <metrics statements="1" coveredstatements="0" conditionals="0" coveredconditionals="0" methods="0" coveredmethods="0"/>
          <line num="1" count="0" type="stmt"/>
        </file>
        <file name="joyride-tour.js" path="C:\Users\MrDan\Documents\code\twinportrait\src\containers\App\joyride-tour.js">
          <metrics statements="11" coveredstatements="0" conditionals="10" coveredconditionals="0" methods="5" coveredmethods="0"/>
          <line num="1" count="0" type="stmt"/>
          <line num="5" count="0" type="cond" truecount="0" falsecount="4"/>
          <line num="7" count="0" type="stmt"/>
          <line num="12" count="0" type="stmt"/>
          <line num="20" count="0" type="stmt"/>
          <line num="25" count="0" type="stmt"/>
          <line num="27" count="0" type="stmt"/>
          <line num="37" count="0" type="cond" truecount="0" falsecount="2"/>
          <line num="38" count="0" type="cond" truecount="0" falsecount="2"/>
          <line num="39" count="0" type="stmt"/>
          <line num="41" count="0" type="stmt"/>
        </file>
      </package>
      <package name="src.images">
        <metrics statements="7" coveredstatements="0" conditionals="4" coveredconditionals="0" methods="1" coveredmethods="0"/>
        <file name="index.js" path="C:\Users\MrDan\Documents\code\twinportrait\src\images\index.js">
          <metrics statements="7" coveredstatements="0" conditionals="4" coveredconditionals="0" methods="1" coveredmethods="0"/>
          <line num="1" count="0" type="stmt"/>
          <line num="31" count="0" type="cond" truecount="0" falsecount="4"/>
          <line num="36" count="0" type="stmt"/>
          <line num="70" count="0" type="stmt"/>
          <line num="104" count="0" type="stmt"/>
          <line num="127" count="0" type="stmt"/>
          <line num="154" count="0" type="stmt"/>
        </file>
      </package>
      <package name="src.images.eyes">
        <metrics statements="3" coveredstatements="0" conditionals="4" coveredconditionals="0" methods="1" coveredmethods="0"/>
        <file name="index.js" path="C:\Users\MrDan\Documents\code\twinportrait\src\images\eyes\index.js">
          <metrics statements="3" coveredstatements="0" conditionals="4" coveredconditionals="0" methods="1" coveredmethods="0"/>
          <line num="1" count="0" type="stmt"/>
          <line num="5" count="0" type="cond" truecount="0" falsecount="4"/>
          <line num="7" count="0" type="stmt"/>
        </file>
      </package>
      <package name="src.middleware">
        <metrics statements="6" coveredstatements="0" conditionals="4" coveredconditionals="0" methods="4" coveredmethods="0"/>
        <file name="index.js" path="C:\Users\MrDan\Documents\code\twinportrait\src\middleware\index.js">
          <metrics statements="2" coveredstatements="0" conditionals="4" coveredconditionals="0" methods="1" coveredmethods="0"/>
          <line num="1" count="0" type="stmt"/>
          <line num="2" count="0" type="cond" truecount="0" falsecount="4"/>
        </file>
        <file name="logger.js" path="C:\Users\MrDan\Documents\code\twinportrait\src\middleware\logger.js">
          <metrics statements="4" coveredstatements="0" conditionals="0" coveredconditionals="0" methods="3" coveredmethods="0"/>
          <line num="1" count="0" type="stmt"/>
          <line num="2" count="0" type="stmt"/>
          <line num="3" count="0" type="stmt"/>
          <line num="4" count="0" type="stmt"/>
        </file>
      </package>
      <package name="src.reducers">
        <metrics statements="18" coveredstatements="0" conditionals="29" coveredconditionals="0" methods="7" coveredmethods="0"/>
        <file name="index.js" path="C:\Users\MrDan\Documents\code\twinportrait\src\reducers\index.js">
          <metrics statements="2" coveredstatements="0" conditionals="4" coveredconditionals="0" methods="1" coveredmethods="0"/>
          <line num="1" count="0" type="stmt"/>
          <line num="5" count="0" type="cond" truecount="0" falsecount="4"/>
        </file>
        <file name="landmark-select-reducer.js" path="C:\Users\MrDan\Documents\code\twinportrait\src\reducers\landmark-select-reducer.js">
          <metrics statements="6" coveredstatements="0" conditionals="9" coveredconditionals="0" methods="2" coveredmethods="0"/>
          <line num="1" count="0" type="stmt"/>
          <line num="6" count="0" type="cond" truecount="0" falsecount="3"/>
          <line num="8" count="0" type="stmt"/>
          <line num="11" count="0" type="stmt"/>
          <line num="14" count="0" type="stmt"/>
          <line num="16" count="0" type="cond" truecount="0" falsecount="4"/>
        </file>
        <file name="portrait-info-reducer.js" path="C:\Users\MrDan\Documents\code\twinportrait\src\reducers\portrait-info-reducer.js">
          <metrics statements="5" coveredstatements="0" conditionals="8" coveredconditionals="0" methods="2" coveredmethods="0"/>
          <line num="1" count="0" type="stmt"/>
          <line num="6" count="0" type="cond" truecount="0" falsecount="2"/>
          <line num="9" count="0" type="stmt"/>
          <line num="12" count="0" type="stmt"/>
          <line num="14" count="0" type="cond" truecount="0" falsecount="4"/>
        </file>
        <file name="portrait-reducer.js" path="C:\Users\MrDan\Documents\code\twinportrait\src\reducers\portrait-reducer.js">
          <metrics statements="5" coveredstatements="0" conditionals="8" coveredconditionals="0" methods="2" coveredmethods="0"/>
          <line num="1" count="0" type="stmt"/>
          <line num="6" count="0" type="cond" truecount="0" falsecount="2"/>
          <line num="9" count="0" type="stmt"/>
          <line num="12" count="0" type="stmt"/>
          <line num="14" count="0" type="cond" truecount="0" falsecount="4"/>
        </file>
      </package>
      <package name="src.store">
        <metrics statements="8" coveredstatements="0" conditionals="6" coveredconditionals="0" methods="2" coveredmethods="0"/>
        <file name="index.js" path="C:\Users\MrDan\Documents\code\twinportrait\src\store\index.js">
          <metrics statements="8" coveredstatements="0" conditionals="6" coveredconditionals="0" methods="2" coveredmethods="0"/>
          <line num="1" count="0" type="stmt"/>
          <line num="4" count="0" type="cond" truecount="0" falsecount="4"/>
          <line num="6" count="0" type="stmt"/>
          <line num="7" count="0" type="stmt"/>
          <line num="8" count="0" type="stmt"/>
          <line num="10" count="0" type="cond" truecount="0" falsecount="2"/>
          <line num="11" count="0" type="stmt"/>
          <line num="14" count="0" type="stmt"/>
        </file>
      </package>
      <package name="src.util">
        <metrics statements="7" coveredstatements="0" conditionals="11" coveredconditionals="0" methods="4" coveredmethods="0"/>
        <file name="ajax.js" path="C:\Users\MrDan\Documents\code\twinportrait\src\util\ajax.js">
          <metrics statements="3" coveredstatements="0" conditionals="6" coveredconditionals="0" methods="3" coveredmethods="0"/>
          <line num="1" count="0" type="stmt"/>
          <line num="5" count="0" type="stmt"/>
          <line num="17" count="0" type="cond" truecount="0" falsecount="4"/>
        </file>
        <file name="landmark-key-generator.js" path="C:\Users\MrDan\Documents\code\twinportrait\src\util\landmark-key-generator.js">
          <metrics statements="3" coveredstatements="0" conditionals="2" coveredconditionals="0" methods="1" coveredmethods="0"/>
          <line num="1" count="0" type="stmt"/>
          <line num="2" count="0" type="cond" truecount="0" falsecount="2"/>
          <line num="3" count="0" type="stmt"/>
        </file>
        <file name="local-storage.js" path="C:\Users\MrDan\Documents\code\twinportrait\src\util\local-storage.js">
          <metrics statements="1" coveredstatements="0" conditionals="3" coveredconditionals="0" methods="0" coveredmethods="0"/>
          <line num="1" count="0" type="cond" truecount="0" falsecount="3"/>
        </file>
      </package>
    </metrics>
  </project>
</coverage>
