{"C:\\Users\\MrDan\\Documents\\code\\twinportrait\\src\\MyInputComponent.js": {"path":"C:\\Users\\MrDan\\Documents\\code\\twinportrait\\src\\MyInputComponent.js","statementMap":{"0":{"start":{"line":8,"column":4},"end":{"line":12,"column":5}}},"fnMap":{"0":{"name":"(anonymous_0)","decl":{"start":{"line":6,"column":2},"end":{"line":6,"column":3}},"loc":{"start":{"line":6,"column":11},"end":{"line":13,"column":3}},"line":6}},"branchMap":{},"s":{"0":0},"f":{"0":0},"b":{},"_coverageSchema":"332fd63041d2c1bcb487cc26dd0d5f7d97098a6c","hash":"518a8f80c7d713462650337512db5f301fcee1ab"}
,"C:\\Users\\MrDan\\Documents\\code\\twinportrait\\src\\index.js": {"path":"C:\\Users\\MrDan\\Documents\\code\\twinportrait\\src\\index.js","statementMap":{"0":{"start":{"line":1,"column":58},"end":{"line":1,"column":122}},"1":{"start":{"line":9,"column":168},"end":{"line":9,"column":222}},"2":{"start":{"line":11,"column":40},"end":{"line":11,"column":62}},"3":{"start":{"line":12,"column":42},"end":{"line":12,"column":148}}},"fnMap":{"0":{"name":"_interopRequireDefault","decl":{"start":{"line":9,"column":139},"end":{"line":9,"column":161}},"loc":{"start":{"line":9,"column":167},"end":{"line":9,"column":223}},"line":9}},"branchMap":{"0":{"loc":{"start":{"line":9,"column":175},"end":{"line":9,"column":221}},"type":"cond-expr","locations":[{"start":{"line":9,"column":199},"end":{"line":9,"column":202}},{"start":{"line":9,"column":205},"end":{"line":9,"column":221}}],"line":9},"1":{"loc":{"start":{"line":9,"column":175},"end":{"line":9,"column":196}},"type":"binary-expr","locations":[{"start":{"line":9,"column":175},"end":{"line":9,"column":178}},{"start":{"line":9,"column":182},"end":{"line":9,"column":196}}],"line":9}},"s":{"0":0,"1":0,"2":0,"3":0},"f":{"0":0},"b":{"0":[0,0],"1":[0,0]}}
,"C:\\Users\\MrDan\\Documents\\code\\twinportrait\\src\\setupTests.js": {"path":"C:\\Users\\MrDan\\Documents\\code\\twinportrait\\src\\setupTests.js","statementMap":{"0":{"start":{"line":2,"column":223},"end":{"line":2,"column":277}}},"fnMap":{"0":{"name":"_interopRequireDefault","decl":{"start":{"line":2,"column":194},"end":{"line":2,"column":216}},"loc":{"start":{"line":2,"column":222},"end":{"line":2,"column":278}},"line":2}},"branchMap":{"0":{"loc":{"start":{"line":2,"column":230},"end":{"line":2,"column":276}},"type":"cond-expr","locations":[{"start":{"line":2,"column":254},"end":{"line":2,"column":257}},{"start":{"line":2,"column":260},"end":{"line":2,"column":276}}],"line":2},"1":{"loc":{"start":{"line":2,"column":230},"end":{"line":2,"column":251}},"type":"binary-expr","locations":[{"start":{"line":2,"column":230},"end":{"line":2,"column":233}},{"start":{"line":2,"column":237},"end":{"line":2,"column":251}}],"line":2}},"s":{"0":0},"f":{"0":0},"b":{"0":[0,0],"1":[0,0]}}
,"C:\\Users\\MrDan\\Documents\\code\\twinportrait\\src\\actions\\landmark-select-actions.js": {"path":"C:\\Users\\MrDan\\Documents\\code\\twinportrait\\src\\actions\\landmark-select-actions.js","statementMap":{"0":{"start":{"line":1,"column":39},"end":{"line":1,"column":101}},"1":{"start":{"line":1,"column":101},"end":{"line":3,"column":32}},"2":{"start":{"line":13,"column":230},"end":{"line":13,"column":284}},"3":{"start":{"line":13,"column":323},"end":{"line":13,"column":451}},"4":{"start":{"line":13,"column":343},"end":{"line":13,"column":449}},"5":{"start":{"line":15,"column":2},"end":{"line":19,"column":4}},"6":{"start":{"line":16,"column":4},"end":{"line":17,"column":76}}},"fnMap":{"0":{"name":"_interopRequireDefault","decl":{"start":{"line":13,"column":201},"end":{"line":13,"column":223}},"loc":{"start":{"line":13,"column":229},"end":{"line":13,"column":285}},"line":13},"1":{"name":"selectLandmark","decl":{"start":{"line":13,"column":294},"end":{"line":13,"column":308}},"loc":{"start":{"line":13,"column":322},"end":{"line":13,"column":452}},"line":13},"2":{"name":"(anonymous_2)","decl":{"start":{"line":13,"column":330},"end":{"line":13,"column":331}},"loc":{"start":{"line":13,"column":342},"end":{"line":13,"column":450}},"line":13},"3":{"name":"resetSelect","decl":{"start":{"line":13,"column":461},"end":{"line":13,"column":472}},"loc":{"start":{"line":13,"column":475},"end":{"line":20,"column":1}},"line":13},"4":{"name":"(anonymous_4)","decl":{"start":{"line":15,"column":9},"end":{"line":15,"column":10}},"loc":{"start":{"line":15,"column":21},"end":{"line":19,"column":3}},"line":15}},"branchMap":{"0":{"loc":{"start":{"line":13,"column":237},"end":{"line":13,"column":283}},"type":"cond-expr","locations":[{"start":{"line":13,"column":261},"end":{"line":13,"column":264}},{"start":{"line":13,"column":267},"end":{"line":13,"column":283}}],"line":13},"1":{"loc":{"start":{"line":13,"column":237},"end":{"line":13,"column":258}},"type":"binary-expr","locations":[{"start":{"line":13,"column":237},"end":{"line":13,"column":240}},{"start":{"line":13,"column":244},"end":{"line":13,"column":258}}],"line":13}},"s":{"0":0,"1":0,"2":0,"3":0,"4":0,"5":0,"6":0},"f":{"0":0,"1":0,"2":0,"3":0,"4":0},"b":{"0":[0,0],"1":[0,0]}}
,"C:\\Users\\MrDan\\Documents\\code\\twinportrait\\src\\actions\\portrait-actions.js": {"path":"C:\\Users\\MrDan\\Documents\\code\\twinportrait\\src\\actions\\portrait-actions.js","statementMap":{"0":{"start":{"line":1,"column":39},"end":{"line":1,"column":101}},"1":{"start":{"line":1,"column":101},"end":{"line":5,"column":30}},"2":{"start":{"line":56,"column":532},"end":{"line":56,"column":586}},"3":{"start":{"line":56,"column":613},"end":{"line":56,"column":914}},"4":{"start":{"line":56,"column":673},"end":{"line":56,"column":756}},"5":{"start":{"line":56,"column":757},"end":{"line":56,"column":897}},"6":{"start":{"line":56,"column":783},"end":{"line":56,"column":894}},"7":{"start":{"line":56,"column":897},"end":{"line":56,"column":912}},"8":{"start":{"line":56,"column":945},"end":{"line":56,"column":1260}},"9":{"start":{"line":56,"column":1005},"end":{"line":56,"column":1101}},"10":{"start":{"line":56,"column":1102},"end":{"line":56,"column":1243}},"11":{"start":{"line":56,"column":1128},"end":{"line":56,"column":1240}},"12":{"start":{"line":56,"column":1243},"end":{"line":56,"column":1258}},"13":{"start":{"line":56,"column":1301},"end":{"line":56,"column":1630}},"14":{"start":{"line":56,"column":1361},"end":{"line":56,"column":1468}},"15":{"start":{"line":56,"column":1469},"end":{"line":56,"column":1613}},"16":{"start":{"line":56,"column":1495},"end":{"line":56,"column":1610}},"17":{"start":{"line":56,"column":1613},"end":{"line":56,"column":1628}},"18":{"start":{"line":58,"column":2},"end":{"line":71,"column":4}},"19":{"start":{"line":59,"column":44},"end":{"line":59,"column":150}},"20":{"start":{"line":62,"column":4},"end":{"line":67,"column":7}},"21":{"start":{"line":63,"column":6},"end":{"line":65,"column":29}},"22":{"start":{"line":69,"column":4},"end":{"line":69,"column":19}}},"fnMap":{"0":{"name":"_interopRequireDefault","decl":{"start":{"line":56,"column":503},"end":{"line":56,"column":525}},"loc":{"start":{"line":56,"column":531},"end":{"line":56,"column":587}},"line":56},"1":{"name":"fetchPortrait","decl":{"start":{"line":56,"column":596},"end":{"line":56,"column":609}},"loc":{"start":{"line":56,"column":612},"end":{"line":56,"column":915}},"line":56},"2":{"name":"(anonymous_2)","decl":{"start":{"line":56,"column":620},"end":{"line":56,"column":621}},"loc":{"start":{"line":56,"column":632},"end":{"line":56,"column":913}},"line":56},"3":{"name":"(anonymous_3)","decl":{"start":{"line":56,"column":770},"end":{"line":56,"column":771}},"loc":{"start":{"line":56,"column":782},"end":{"line":56,"column":895}},"line":56},"4":{"name":"updatePortrait","decl":{"start":{"line":56,"column":924},"end":{"line":56,"column":938}},"loc":{"start":{"line":56,"column":944},"end":{"line":56,"column":1261}},"line":56},"5":{"name":"(anonymous_5)","decl":{"start":{"line":56,"column":952},"end":{"line":56,"column":953}},"loc":{"start":{"line":56,"column":964},"end":{"line":56,"column":1259}},"line":56},"6":{"name":"(anonymous_6)","decl":{"start":{"line":56,"column":1115},"end":{"line":56,"column":1116}},"loc":{"start":{"line":56,"column":1127},"end":{"line":56,"column":1241}},"line":56},"7":{"name":"setNotApplicable","decl":{"start":{"line":56,"column":1270},"end":{"line":56,"column":1286}},"loc":{"start":{"line":56,"column":1300},"end":{"line":56,"column":1631}},"line":56},"8":{"name":"(anonymous_8)","decl":{"start":{"line":56,"column":1308},"end":{"line":56,"column":1309}},"loc":{"start":{"line":56,"column":1320},"end":{"line":56,"column":1629}},"line":56},"9":{"name":"(anonymous_9)","decl":{"start":{"line":56,"column":1482},"end":{"line":56,"column":1483}},"loc":{"start":{"line":56,"column":1494},"end":{"line":56,"column":1611}},"line":56},"10":{"name":"fetchPortraitInfo","decl":{"start":{"line":56,"column":1640},"end":{"line":56,"column":1657}},"loc":{"start":{"line":56,"column":1662},"end":{"line":73,"column":1}},"line":56},"11":{"name":"(anonymous_11)","decl":{"start":{"line":58,"column":9},"end":{"line":58,"column":10}},"loc":{"start":{"line":58,"column":21},"end":{"line":71,"column":3}},"line":58},"12":{"name":"(anonymous_12)","decl":{"start":{"line":62,"column":17},"end":{"line":62,"column":18}},"loc":{"start":{"line":62,"column":29},"end":{"line":67,"column":5}},"line":62}},"branchMap":{"0":{"loc":{"start":{"line":56,"column":539},"end":{"line":56,"column":585}},"type":"cond-expr","locations":[{"start":{"line":56,"column":563},"end":{"line":56,"column":566}},{"start":{"line":56,"column":569},"end":{"line":56,"column":585}}],"line":56},"1":{"loc":{"start":{"line":56,"column":539},"end":{"line":56,"column":560}},"type":"binary-expr","locations":[{"start":{"line":56,"column":539},"end":{"line":56,"column":542}},{"start":{"line":56,"column":546},"end":{"line":56,"column":560}}],"line":56}},"s":{"0":0,"1":0,"2":0,"3":0,"4":0,"5":0,"6":0,"7":0,"8":0,"9":0,"10":0,"11":0,"12":0,"13":0,"14":0,"15":0,"16":0,"17":0,"18":0,"19":0,"20":0,"21":0,"22":0},"f":{"0":0,"1":0,"2":0,"3":0,"4":0,"5":0,"6":0,"7":0,"8":0,"9":0,"10":0,"11":0,"12":0},"b":{"0":[0,0],"1":[0,0]}}
,"C:\\Users\\MrDan\\Documents\\code\\twinportrait\\src\\actions\\user-actions.js": {"path":"C:\\Users\\MrDan\\Documents\\code\\twinportrait\\src\\actions\\user-actions.js","statementMap":{"0":{"start":{"line":1,"column":39},"end":{"line":1,"column":101}},"1":{"start":{"line":1,"column":101},"end":{"line":5,"column":28}},"2":{"start":{"line":5,"column":522},"end":{"line":5,"column":576}},"3":{"start":{"line":7,"column":2},"end":{"line":19,"column":4}},"4":{"start":{"line":8,"column":44},"end":{"line":8,"column":143}},"5":{"start":{"line":10,"column":4},"end":{"line":15,"column":7}},"6":{"start":{"line":11,"column":6},"end":{"line":13,"column":29}},"7":{"start":{"line":17,"column":4},"end":{"line":17,"column":19}}},"fnMap":{"0":{"name":"_interopRequireDefault","decl":{"start":{"line":5,"column":493},"end":{"line":5,"column":515}},"loc":{"start":{"line":5,"column":521},"end":{"line":5,"column":577}},"line":5},"1":{"name":"registerUser","decl":{"start":{"line":5,"column":586},"end":{"line":5,"column":598}},"loc":{"start":{"line":5,"column":609},"end":{"line":20,"column":1}},"line":5},"2":{"name":"(anonymous_2)","decl":{"start":{"line":7,"column":9},"end":{"line":7,"column":10}},"loc":{"start":{"line":7,"column":21},"end":{"line":19,"column":3}},"line":7},"3":{"name":"(anonymous_3)","decl":{"start":{"line":10,"column":17},"end":{"line":10,"column":18}},"loc":{"start":{"line":10,"column":29},"end":{"line":15,"column":5}},"line":10}},"branchMap":{"0":{"loc":{"start":{"line":5,"column":529},"end":{"line":5,"column":575}},"type":"cond-expr","locations":[{"start":{"line":5,"column":553},"end":{"line":5,"column":556}},{"start":{"line":5,"column":559},"end":{"line":5,"column":575}}],"line":5},"1":{"loc":{"start":{"line":5,"column":529},"end":{"line":5,"column":550}},"type":"binary-expr","locations":[{"start":{"line":5,"column":529},"end":{"line":5,"column":532}},{"start":{"line":5,"column":536},"end":{"line":5,"column":550}}],"line":5}},"s":{"0":0,"1":0,"2":0,"3":0,"4":0,"5":0,"6":0,"7":0},"f":{"0":0,"1":0,"2":0,"3":0},"b":{"0":[0,0],"1":[0,0]}}
,"C:\\Users\\MrDan\\Documents\\code\\twinportrait\\src\\components\\floating-button.js": {"path":"C:\\Users\\MrDan\\Documents\\code\\twinportrait\\src\\components\\floating-button.js","statementMap":{"0":{"start":{"line":1,"column":39},"end":{"line":1,"column":101}},"1":{"start":{"line":1,"column":120},"end":{"line":1,"column":206}},"2":{"start":{"line":4,"column":211},"end":{"line":4,"column":265}},"3":{"start":{"line":11,"column":4},"end":{"line":13,"column":311}}},"fnMap":{"0":{"name":"_interopRequireDefault","decl":{"start":{"line":4,"column":182},"end":{"line":4,"column":204}},"loc":{"start":{"line":4,"column":210},"end":{"line":4,"column":266}},"line":4},"1":{"name":"(anonymous_1)","decl":{"start":{"line":8,"column":2},"end":{"line":8,"column":3}},"loc":{"start":{"line":8,"column":11},"end":{"line":16,"column":3}},"line":8}},"branchMap":{"0":{"loc":{"start":{"line":4,"column":218},"end":{"line":4,"column":264}},"type":"cond-expr","locations":[{"start":{"line":4,"column":242},"end":{"line":4,"column":245}},{"start":{"line":4,"column":248},"end":{"line":4,"column":264}}],"line":4},"1":{"loc":{"start":{"line":4,"column":218},"end":{"line":4,"column":239}},"type":"binary-expr","locations":[{"start":{"line":4,"column":218},"end":{"line":4,"column":221}},{"start":{"line":4,"column":225},"end":{"line":4,"column":239}}],"line":4}},"s":{"0":0,"1":0,"2":0,"3":0},"f":{"0":0,"1":0},"b":{"0":[0,0],"1":[0,0]}}
,"C:\\Users\\MrDan\\Documents\\code\\twinportrait\\src\\components\\home.js": {"path":"C:\\Users\\MrDan\\Documents\\code\\twinportrait\\src\\components\\home.js","statementMap":{"0":{"start":{"line":1,"column":39},"end":{"line":1,"column":101}},"1":{"start":{"line":1,"column":120},"end":{"line":1,"column":195}},"2":{"start":{"line":7,"column":224},"end":{"line":7,"column":278}},"3":{"start":{"line":70,"column":24},"end":{"line":70,"column":8042}}},"fnMap":{"0":{"name":"_interopRequireDefault","decl":{"start":{"line":7,"column":195},"end":{"line":7,"column":217}},"loc":{"start":{"line":7,"column":223},"end":{"line":7,"column":279}},"line":7},"1":{"name":"(anonymous_1)","decl":{"start":{"line":70,"column":14},"end":{"line":70,"column":15}},"loc":{"start":{"line":70,"column":23},"end":{"line":70,"column":8043}},"line":70}},"branchMap":{"0":{"loc":{"start":{"line":7,"column":231},"end":{"line":7,"column":277}},"type":"cond-expr","locations":[{"start":{"line":7,"column":255},"end":{"line":7,"column":258}},{"start":{"line":7,"column":261},"end":{"line":7,"column":277}}],"line":7},"1":{"loc":{"start":{"line":7,"column":231},"end":{"line":7,"column":252}},"type":"binary-expr","locations":[{"start":{"line":7,"column":231},"end":{"line":7,"column":234}},{"start":{"line":7,"column":238},"end":{"line":7,"column":252}}],"line":7}},"s":{"0":0,"1":0,"2":0,"3":0},"f":{"0":0,"1":0},"b":{"0":[0,0],"1":[0,0]}}
,"C:\\Users\\MrDan\\Documents\\code\\twinportrait\\src\\components\\landmark\\facial-landmarks-generator.js": {"path":"C:\\Users\\MrDan\\Documents\\code\\twinportrait\\src\\components\\landmark\\facial-landmarks-generator.js","statementMap":{"0":{"start":{"line":1,"column":39},"end":{"line":1,"column":101}},"1":{"start":{"line":1,"column":120},"end":{"line":1,"column":227}},"2":{"start":{"line":10,"column":193},"end":{"line":10,"column":247}},"3":{"start":{"line":12,"column":13},"end":{"line":12,"column":15}},"4":{"start":{"line":17,"column":4},"end":{"line":17,"column":16}},"5":{"start":{"line":96,"column":6},"end":{"line":96,"column":56}},"6":{"start":{"line":96,"column":78},"end":{"line":96,"column":132}},"7":{"start":{"line":96,"column":120},"end":{"line":96,"column":132}},"8":{"start":{"line":96,"column":155},"end":{"line":96,"column":834}},"9":{"start":{"line":96,"column":993},"end":{"line":96,"column":1006}},"10":{"start":{"line":96,"column":1007},"end":{"line":96,"column":3026}},"11":{"start":{"line":96,"column":1165},"end":{"line":96,"column":1210}},"12":{"start":{"line":96,"column":1441},"end":{"line":96,"column":1449}},"13":{"start":{"line":96,"column":1449},"end":{"line":96,"column":2347}},"14":{"start":{"line":99,"column":22},"end":{"line":100,"column":38}},"15":{"start":{"line":99,"column":47},"end":{"line":100,"column":37}},"16":{"start":{"line":103,"column":27},"end":{"line":103,"column":190}},"17":{"start":{"line":103,"column":65},"end":{"line":103,"column":190}}},"fnMap":{"0":{"name":"_interopRequireDefault","decl":{"start":{"line":10,"column":164},"end":{"line":10,"column":186}},"loc":{"start":{"line":10,"column":192},"end":{"line":10,"column":248}},"line":10},"1":{"name":"(anonymous_1)","decl":{"start":{"line":16,"column":2},"end":{"line":16,"column":3}},"loc":{"start":{"line":16,"column":20},"end":{"line":96,"column":57}},"line":16},"2":{"name":"(anonymous_2)","decl":{"start":{"line":96,"column":57},"end":{"line":96,"column":58}},"loc":{"start":{"line":96,"column":77},"end":{"line":96,"column":133}},"line":96},"3":{"name":"(anonymous_3)","decl":{"start":{"line":96,"column":133},"end":{"line":96,"column":134}},"loc":{"start":{"line":96,"column":142},"end":{"line":96,"column":3027}},"line":96},"4":{"name":"(anonymous_4)","decl":{"start":{"line":96,"column":1160},"end":{"line":96,"column":1161}},"loc":{"start":{"line":96,"column":1165},"end":{"line":96,"column":1210}},"line":96},"5":{"name":"(anonymous_5)","decl":{"start":{"line":96,"column":1423},"end":{"line":96,"column":1424}},"loc":{"start":{"line":96,"column":1440},"end":{"line":96,"column":2348}},"line":96},"6":{"name":"(anonymous_6)","decl":{"start":{"line":99,"column":22},"end":{"line":99,"column":23}},"loc":{"start":{"line":99,"column":47},"end":{"line":100,"column":37}},"line":99},"7":{"name":"(anonymous_7)","decl":{"start":{"line":103,"column":27},"end":{"line":103,"column":28}},"loc":{"start":{"line":103,"column":65},"end":{"line":103,"column":190}},"line":103}},"branchMap":{"0":{"loc":{"start":{"line":10,"column":200},"end":{"line":10,"column":246}},"type":"cond-expr","locations":[{"start":{"line":10,"column":224},"end":{"line":10,"column":227}},{"start":{"line":10,"column":230},"end":{"line":10,"column":246}}],"line":10},"1":{"loc":{"start":{"line":10,"column":200},"end":{"line":10,"column":221}},"type":"binary-expr","locations":[{"start":{"line":10,"column":200},"end":{"line":10,"column":203}},{"start":{"line":10,"column":207},"end":{"line":10,"column":221}}],"line":10},"2":{"loc":{"start":{"line":96,"column":78},"end":{"line":96,"column":132}},"type":"if","locations":[{"start":{"line":96,"column":78},"end":{"line":96,"column":132}},{"start":{"line":96,"column":78},"end":{"line":96,"column":132}}],"line":96}},"s":{"0":0,"1":0,"2":0,"3":0,"4":0,"5":0,"6":0,"7":0,"8":0,"9":0,"10":0,"11":0,"12":0,"13":0,"14":0,"15":0,"16":0,"17":0},"f":{"0":0,"1":0,"2":0,"3":0,"4":0,"5":0,"6":0,"7":0},"b":{"0":[0,0],"1":[0,0],"2":[0,0]}}
,"C:\\Users\\MrDan\\Documents\\code\\twinportrait\\src\\components\\landmark\\landmarks-field.js": {"path":"C:\\Users\\MrDan\\Documents\\code\\twinportrait\\src\\components\\landmark\\landmarks-field.js","statementMap":{"0":{"start":{"line":1,"column":39},"end":{"line":1,"column":101}},"1":{"start":{"line":1,"column":120},"end":{"line":1,"column":216}},"2":{"start":{"line":4,"column":246},"end":{"line":4,"column":300}},"3":{"start":{"line":10,"column":22},"end":{"line":24,"column":21}},"4":{"start":{"line":28,"column":4},"end":{"line":39,"column":13}},"5":{"start":{"line":31,"column":10},"end":{"line":36,"column":258}}},"fnMap":{"0":{"name":"_interopRequireDefault","decl":{"start":{"line":4,"column":217},"end":{"line":4,"column":239}},"loc":{"start":{"line":4,"column":245},"end":{"line":4,"column":301}},"line":4},"1":{"name":"(anonymous_1)","decl":{"start":{"line":8,"column":2},"end":{"line":8,"column":3}},"loc":{"start":{"line":8,"column":11},"end":{"line":42,"column":3}},"line":8},"2":{"name":"(anonymous_2)","decl":{"start":{"line":30,"column":22},"end":{"line":30,"column":23}},"loc":{"start":{"line":30,"column":34},"end":{"line":39,"column":9}},"line":30}},"branchMap":{"0":{"loc":{"start":{"line":4,"column":253},"end":{"line":4,"column":299}},"type":"cond-expr","locations":[{"start":{"line":4,"column":277},"end":{"line":4,"column":280}},{"start":{"line":4,"column":283},"end":{"line":4,"column":299}}],"line":4},"1":{"loc":{"start":{"line":4,"column":253},"end":{"line":4,"column":274}},"type":"binary-expr","locations":[{"start":{"line":4,"column":253},"end":{"line":4,"column":256}},{"start":{"line":4,"column":260},"end":{"line":4,"column":274}}],"line":4}},"s":{"0":0,"1":0,"2":0,"3":0,"4":0,"5":0},"f":{"0":0,"1":0,"2":0},"b":{"0":[0,0],"1":[0,0]}}
,"C:\\Users\\MrDan\\Documents\\code\\twinportrait\\src\\components\\modals\\help-modal.js": {"path":"C:\\Users\\MrDan\\Documents\\code\\twinportrait\\src\\components\\modals\\help-modal.js","statementMap":{"0":{"start":{"line":1,"column":39},"end":{"line":1,"column":101}},"1":{"start":{"line":1,"column":120},"end":{"line":1,"column":209}},"2":{"start":{"line":5,"column":174},"end":{"line":5,"column":228}},"3":{"start":{"line":12,"column":4},"end":{"line":18,"column":230}}},"fnMap":{"0":{"name":"_interopRequireDefault","decl":{"start":{"line":5,"column":145},"end":{"line":5,"column":167}},"loc":{"start":{"line":5,"column":173},"end":{"line":5,"column":229}},"line":5},"1":{"name":"(anonymous_1)","decl":{"start":{"line":9,"column":2},"end":{"line":9,"column":3}},"loc":{"start":{"line":9,"column":11},"end":{"line":22,"column":3}},"line":9}},"branchMap":{"0":{"loc":{"start":{"line":5,"column":181},"end":{"line":5,"column":227}},"type":"cond-expr","locations":[{"start":{"line":5,"column":205},"end":{"line":5,"column":208}},{"start":{"line":5,"column":211},"end":{"line":5,"column":227}}],"line":5},"1":{"loc":{"start":{"line":5,"column":181},"end":{"line":5,"column":202}},"type":"binary-expr","locations":[{"start":{"line":5,"column":181},"end":{"line":5,"column":184}},{"start":{"line":5,"column":188},"end":{"line":5,"column":202}}],"line":5}},"s":{"0":0,"1":0,"2":0,"3":0},"f":{"0":0,"1":0},"b":{"0":[0,0],"1":[0,0]}}
,"C:\\Users\\MrDan\\Documents\\code\\twinportrait\\src\\components\\modals\\registration-modal.js": {"path":"C:\\Users\\MrDan\\Documents\\code\\twinportrait\\src\\components\\modals\\registration-modal.js","statementMap":{"0":{"start":{"line":1,"column":39},"end":{"line":1,"column":101}},"1":{"start":{"line":1,"column":120},"end":{"line":1,"column":217}},"2":{"start":{"line":13,"column":4},"end":{"line":13,"column":16}},"3":{"start":{"line":112,"column":6},"end":{"line":112,"column":109}},"4":{"start":{"line":112,"column":452},"end":{"line":112,"column":568}},"5":{"start":{"line":112,"column":616},"end":{"line":112,"column":2657}},"6":{"start":{"line":112,"column":1149},"end":{"line":112,"column":1168}},"7":{"start":{"line":112,"column":2117},"end":{"line":112,"column":2136}},"8":{"start":{"line":112,"column":2697},"end":{"line":112,"column":2945}},"9":{"start":{"line":112,"column":2946},"end":{"line":112,"column":5522}},"10":{"start":{"line":115,"column":27},"end":{"line":115,"column":176}},"11":{"start":{"line":115,"column":65},"end":{"line":115,"column":176}}},"fnMap":{"0":{"name":"(anonymous_0)","decl":{"start":{"line":12,"column":2},"end":{"line":12,"column":3}},"loc":{"start":{"line":12,"column":20},"end":{"line":112,"column":110}},"line":12},"1":{"name":"(anonymous_1)","decl":{"start":{"line":112,"column":110},"end":{"line":112,"column":111}},"loc":{"start":{"line":112,"column":119},"end":{"line":112,"column":5523}},"line":112},"2":{"name":"(anonymous_2)","decl":{"start":{"line":112,"column":1144},"end":{"line":112,"column":1145}},"loc":{"start":{"line":112,"column":1149},"end":{"line":112,"column":1168}},"line":112},"3":{"name":"(anonymous_3)","decl":{"start":{"line":112,"column":2112},"end":{"line":112,"column":2113}},"loc":{"start":{"line":112,"column":2117},"end":{"line":112,"column":2136}},"line":112},"4":{"name":"(anonymous_4)","decl":{"start":{"line":115,"column":27},"end":{"line":115,"column":28}},"loc":{"start":{"line":115,"column":65},"end":{"line":115,"column":176}},"line":115}},"branchMap":{"0":{"loc":{"start":{"line":112,"column":452},"end":{"line":112,"column":568}},"type":"cond-expr","locations":[{"start":{"line":112,"column":464},"end":{"line":112,"column":553}},{"start":{"line":112,"column":556},"end":{"line":112,"column":568}}],"line":112},"2":{"loc":{"start":{"line":112,"column":4837},"end":{"line":112,"column":5174}},"type":"cond-expr","locations":[{"start":{"line":112,"column":5170},"end":{"line":112,"column":5174}}],"line":112},"3":{"loc":{"start":{"line":112,"column":5176},"end":{"line":112,"column":5484}},"type":"cond-expr","locations":[{"start":{"line":112,"column":5188},"end":{"line":112,"column":5192}}],"line":112},"4":{"loc":{"start":{"line":112,"column":5486},"end":{"line":112,"column":5517}},"type":"cond-expr","locations":[{"start":{"line":112,"column":5498},"end":{"line":112,"column":5502}},{"start":{"line":112,"column":5505},"end":{"line":112,"column":5517}}],"line":112}},"s":{"0":0,"1":0,"2":0,"3":0,"4":0,"5":0,"6":0,"7":0,"8":0,"9":0,"10":0,"11":0},"f":{"0":0,"1":0,"2":0,"3":0,"4":0},"b":{"0":[0,0],"2":[0],"3":[0],"4":[0,0]}}
,"C:\\Users\\MrDan\\Documents\\code\\twinportrait\\src\\components\\modals\\help-body\\body.js": {"path":"C:\\Users\\MrDan\\Documents\\code\\twinportrait\\src\\components\\modals\\help-body\\body.js","statementMap":{"0":{"start":{"line":1,"column":39},"end":{"line":1,"column":101}},"1":{"start":{"line":1,"column":120},"end":{"line":1,"column":214}},"2":{"start":{"line":11,"column":18},"end":{"line":14,"column":57}},"3":{"start":{"line":17,"column":4},"end":{"line":29,"column":13}},"4":{"start":{"line":20,"column":10},"end":{"line":25,"column":216}}},"fnMap":{"0":{"name":"(anonymous_0)","decl":{"start":{"line":9,"column":2},"end":{"line":9,"column":3}},"loc":{"start":{"line":9,"column":11},"end":{"line":32,"column":3}},"line":9},"1":{"name":"(anonymous_1)","decl":{"start":{"line":19,"column":28},"end":{"line":19,"column":29}},"loc":{"start":{"line":19,"column":36},"end":{"line":29,"column":9}},"line":19}},"branchMap":{},"s":{"0":0,"1":0,"2":0,"3":0,"4":0},"f":{"0":0,"1":0},"b":{}}
,"C:\\Users\\MrDan\\Documents\\code\\twinportrait\\src\\components\\modals\\help-body\\content-list.js": {"path":"C:\\Users\\MrDan\\Documents\\code\\twinportrait\\src\\components\\modals\\help-body\\content-list.js","statementMap":{"0":{"start":{"line":1,"column":39},"end":{"line":1,"column":101}},"1":{"start":{"line":1,"column":101},"end":{"line":1,"column":160}},"2":{"start":{"line":11,"column":214},"end":{"line":11,"column":268}},"3":{"start":{"line":13,"column":43},"end":{"line":27,"column":245}},"4":{"start":{"line":31,"column":39},"end":{"line":50,"column":425}},"5":{"start":{"line":54,"column":39},"end":{"line":73,"column":247}}},"fnMap":{"0":{"name":"_interopRequireDefault","decl":{"start":{"line":11,"column":185},"end":{"line":11,"column":207}},"loc":{"start":{"line":11,"column":213},"end":{"line":11,"column":269}},"line":11}},"branchMap":{"0":{"loc":{"start":{"line":11,"column":221},"end":{"line":11,"column":267}},"type":"cond-expr","locations":[{"start":{"line":11,"column":245},"end":{"line":11,"column":248}},{"start":{"line":11,"column":251},"end":{"line":11,"column":267}}],"line":11},"1":{"loc":{"start":{"line":11,"column":221},"end":{"line":11,"column":242}},"type":"binary-expr","locations":[{"start":{"line":11,"column":221},"end":{"line":11,"column":224}},{"start":{"line":11,"column":228},"end":{"line":11,"column":242}}],"line":11}},"s":{"0":0,"1":0,"2":0,"3":0,"4":0,"5":0},"f":{"0":0},"b":{"0":[0,0],"1":[0,0]}}
,"C:\\Users\\MrDan\\Documents\\code\\twinportrait\\src\\components\\modals\\portrait-info\\portrait-info-modal.js": {"path":"C:\\Users\\MrDan\\Documents\\code\\twinportrait\\src\\components\\modals\\portrait-info\\portrait-info-modal.js","statementMap":{"0":{"start":{"line":1,"column":39},"end":{"line":1,"column":101}},"1":{"start":{"line":1,"column":120},"end":{"line":1,"column":233}},"2":{"start":{"line":8,"column":209},"end":{"line":8,"column":263}},"3":{"start":{"line":13,"column":4},"end":{"line":13,"column":16}},"4":{"start":{"line":25,"column":6},"end":{"line":25,"column":38}},"5":{"start":{"line":30,"column":4},"end":{"line":30,"column":24}},"6":{"start":{"line":31,"column":4},"end":{"line":31,"column":73}},"7":{"start":{"line":31,"column":53},"end":{"line":31,"column":71}},"8":{"start":{"line":39,"column":4},"end":{"line":80,"column":364}},"9":{"start":{"line":95,"column":22},"end":{"line":98,"column":28}},"10":{"start":{"line":95,"column":55},"end":{"line":98,"column":27}},"11":{"start":{"line":101,"column":27},"end":{"line":101,"column":190}},"12":{"start":{"line":101,"column":65},"end":{"line":101,"column":190}}},"fnMap":{"0":{"name":"_interopRequireDefault","decl":{"start":{"line":8,"column":180},"end":{"line":8,"column":202}},"loc":{"start":{"line":8,"column":208},"end":{"line":8,"column":264}},"line":8},"1":{"name":"(anonymous_1)","decl":{"start":{"line":12,"column":2},"end":{"line":12,"column":3}},"loc":{"start":{"line":12,"column":20},"end":{"line":25,"column":39}},"line":12},"2":{"name":"(anonymous_2)","decl":{"start":{"line":27,"column":2},"end":{"line":27,"column":3}},"loc":{"start":{"line":27,"column":23},"end":{"line":32,"column":3}},"line":27},"3":{"name":"(anonymous_3)","decl":{"start":{"line":31,"column":47},"end":{"line":31,"column":48}},"loc":{"start":{"line":31,"column":53},"end":{"line":31,"column":71}},"line":31},"4":{"name":"(anonymous_4)","decl":{"start":{"line":34,"column":2},"end":{"line":34,"column":3}},"loc":{"start":{"line":34,"column":11},"end":{"line":92,"column":3}},"line":34},"5":{"name":"(anonymous_5)","decl":{"start":{"line":95,"column":22},"end":{"line":95,"column":23}},"loc":{"start":{"line":95,"column":55},"end":{"line":98,"column":27}},"line":95},"6":{"name":"(anonymous_6)","decl":{"start":{"line":101,"column":27},"end":{"line":101,"column":28}},"loc":{"start":{"line":101,"column":65},"end":{"line":101,"column":190}},"line":101}},"branchMap":{"0":{"loc":{"start":{"line":8,"column":216},"end":{"line":8,"column":262}},"type":"cond-expr","locations":[{"start":{"line":8,"column":240},"end":{"line":8,"column":243}},{"start":{"line":8,"column":246},"end":{"line":8,"column":262}}],"line":8},"1":{"loc":{"start":{"line":8,"column":216},"end":{"line":8,"column":237}},"type":"binary-expr","locations":[{"start":{"line":8,"column":216},"end":{"line":8,"column":219}},{"start":{"line":8,"column":223},"end":{"line":8,"column":237}}],"line":8},"3":{"loc":{"start":{"line":71,"column":16},"end":{"line":75,"column":111}},"type":"cond-expr","locations":[{"start":{"line":71,"column":46},"end":{"line":71,"column":50}}],"line":71},"4":{"loc":{"start":{"line":75,"column":20},"end":{"line":75,"column":109}},"type":"cond-expr","locations":[{"start":{"line":75,"column":55},"end":{"line":75,"column":88}},{"start":{"line":75,"column":91},"end":{"line":75,"column":109}}],"line":75}},"s":{"0":0,"1":0,"2":0,"3":0,"4":0,"5":0,"6":0,"7":0,"8":0,"9":0,"10":0,"11":0,"12":0},"f":{"0":0,"1":0,"2":0,"3":0,"4":0,"5":0,"6":0},"b":{"0":[0,0],"1":[0,0],"3":[0],"4":[0,0]}}
,"C:\\Users\\MrDan\\Documents\\code\\twinportrait\\src\\constants\\action-types.js": {"path":"C:\\Users\\MrDan\\Documents\\code\\twinportrait\\src\\constants\\action-types.js","statementMap":{"0":{"start":{"line":1,"column":39},"end":{"line":1,"column":101}},"1":{"start":{"line":1,"column":101},"end":{"line":13,"column":39}}},"fnMap":{},"branchMap":{},"s":{"0":0,"1":0},"f":{},"b":{}}
,"C:\\Users\\MrDan\\Documents\\code\\twinportrait\\src\\constants\\api-routes.js": {"path":"C:\\Users\\MrDan\\Documents\\code\\twinportrait\\src\\constants\\api-routes.js","statementMap":{"0":{"start":{"line":1,"column":39},"end":{"line":1,"column":101}},"1":{"start":{"line":1,"column":101},"end":{"line":7,"column":34}}},"fnMap":{},"branchMap":{},"s":{"0":0,"1":0},"f":{},"b":{}}
,"C:\\Users\\MrDan\\Documents\\code\\twinportrait\\src\\constants\\landmarks.js": {"path":"C:\\Users\\MrDan\\Documents\\code\\twinportrait\\src\\constants\\landmarks.js","statementMap":{"0":{"start":{"line":1,"column":39},"end":{"line":1,"column":101}},"1":{"start":{"line":1,"column":101},"end":{"line":6,"column":17}}},"fnMap":{},"branchMap":{},"s":{"0":0,"1":0},"f":{},"b":{}}
,"C:\\Users\\MrDan\\Documents\\code\\twinportrait\\src\\containers\\App\\index.js": {"path":"C:\\Users\\MrDan\\Documents\\code\\twinportrait\\src\\containers\\App\\index.js","statementMap":{"0":{"start":{"line":1,"column":39},"end":{"line":1,"column":101}},"1":{"start":{"line":1,"column":120},"end":{"line":1,"column":201}},"2":{"start":{"line":19,"column":193},"end":{"line":19,"column":247}},"3":{"start":{"line":21,"column":22},"end":{"line":21,"column":23}},"4":{"start":{"line":26,"column":4},"end":{"line":26,"column":16}},"5":{"start":{"line":241,"column":6},"end":{"line":241,"column":100}},"6":{"start":{"line":241,"column":122},"end":{"line":241,"column":183}},"7":{"start":{"line":241,"column":161},"end":{"line":241,"column":180}},"8":{"start":{"line":241,"column":586},"end":{"line":241,"column":594}},"9":{"start":{"line":241,"column":595},"end":{"line":241,"column":1122}},"10":{"start":{"line":241,"column":611},"end":{"line":241,"column":1121}},"11":{"start":{"line":242,"column":52},"end":{"line":242,"column":457}},"12":{"start":{"line":243,"column":29},"end":{"line":243,"column":1322}},"13":{"start":{"line":243,"column":1323},"end":{"line":243,"column":10454}},"14":{"start":{"line":243,"column":7018},"end":{"line":243,"column":7038}},"15":{"start":{"line":243,"column":8300},"end":{"line":243,"column":8328}},"16":{"start":{"line":244,"column":22},"end":{"line":247,"column":28}},"17":{"start":{"line":244,"column":57},"end":{"line":247,"column":27}},"18":{"start":{"line":250,"column":27},"end":{"line":250,"column":492}},"19":{"start":{"line":250,"column":65},"end":{"line":250,"column":492}}},"fnMap":{"0":{"name":"_interopRequireDefault","decl":{"start":{"line":19,"column":164},"end":{"line":19,"column":186}},"loc":{"start":{"line":19,"column":192},"end":{"line":19,"column":248}},"line":19},"1":{"name":"(anonymous_1)","decl":{"start":{"line":25,"column":2},"end":{"line":25,"column":3}},"loc":{"start":{"line":25,"column":20},"end":{"line":241,"column":101}},"line":25},"2":{"name":"(anonymous_2)","decl":{"start":{"line":241,"column":101},"end":{"line":241,"column":102}},"loc":{"start":{"line":241,"column":121},"end":{"line":241,"column":184}},"line":241},"3":{"name":"(anonymous_3)","decl":{"start":{"line":241,"column":154},"end":{"line":241,"column":155}},"loc":{"start":{"line":241,"column":160},"end":{"line":241,"column":181}},"line":241},"4":{"name":"(anonymous_4)","decl":{"start":{"line":241,"column":184},"end":{"line":241,"column":185}},"loc":{"start":{"line":241,"column":193},"end":{"line":243,"column":10455}},"line":241},"5":{"name":"(anonymous_5)","decl":{"start":{"line":243,"column":7008},"end":{"line":243,"column":7009}},"loc":{"start":{"line":243,"column":7018},"end":{"line":243,"column":7038}},"line":243},"6":{"name":"(anonymous_6)","decl":{"start":{"line":243,"column":8286},"end":{"line":243,"column":8287}},"loc":{"start":{"line":243,"column":8300},"end":{"line":243,"column":8328}},"line":243},"7":{"name":"(anonymous_7)","decl":{"start":{"line":244,"column":22},"end":{"line":244,"column":23}},"loc":{"start":{"line":244,"column":57},"end":{"line":247,"column":27}},"line":244},"8":{"name":"(anonymous_8)","decl":{"start":{"line":250,"column":27},"end":{"line":250,"column":28}},"loc":{"start":{"line":250,"column":65},"end":{"line":250,"column":492}},"line":250}},"branchMap":{"0":{"loc":{"start":{"line":19,"column":200},"end":{"line":19,"column":246}},"type":"cond-expr","locations":[{"start":{"line":19,"column":224},"end":{"line":19,"column":227}},{"start":{"line":19,"column":230},"end":{"line":19,"column":246}}],"line":19},"1":{"loc":{"start":{"line":19,"column":200},"end":{"line":19,"column":221}},"type":"binary-expr","locations":[{"start":{"line":19,"column":200},"end":{"line":19,"column":203}},{"start":{"line":19,"column":207},"end":{"line":19,"column":221}}],"line":19},"2":{"loc":{"start":{"line":241,"column":595},"end":{"line":241,"column":1122}},"type":"if","locations":[{"start":{"line":241,"column":595},"end":{"line":241,"column":1122}},{"start":{"line":241,"column":595},"end":{"line":241,"column":1122}}],"line":241}},"s":{"0":0,"1":0,"2":0,"3":0,"4":0,"5":0,"6":0,"7":0,"8":0,"9":0,"10":0,"11":0,"12":0,"13":0,"14":0,"15":0,"16":0,"17":0,"18":0,"19":0},"f":{"0":0,"1":0,"2":0,"3":0,"4":0,"5":0,"6":0,"7":0,"8":0},"b":{"0":[0,0],"1":[0,0],"2":[0,0]}}
,"C:\\Users\\MrDan\\Documents\\code\\twinportrait\\src\\containers\\App\\joyride-steps.js": {"path":"C:\\Users\\MrDan\\Documents\\code\\twinportrait\\src\\containers\\App\\joyride-steps.js","statementMap":{"0":{"start":{"line":1,"column":39},"end":{"line":1,"column":101}},"1":{"start":{"line":1,"column":141},"end":{"line":48,"column":20}}},"fnMap":{},"branchMap":{},"s":{"0":0,"1":0},"f":{},"b":{}}
,"C:\\Users\\MrDan\\Documents\\code\\twinportrait\\src\\containers\\App\\joyride-tour.js": {"path":"C:\\Users\\MrDan\\Documents\\code\\twinportrait\\src\\containers\\App\\joyride-tour.js","statementMap":{"0":{"start":{"line":1,"column":39},"end":{"line":1,"column":101}},"1":{"start":{"line":1,"column":120},"end":{"line":1,"column":208}},"2":{"start":{"line":5,"column":206},"end":{"line":5,"column":260}},"3":{"start":{"line":7,"column":0},"end":{"line":7,"column":25}},"4":{"start":{"line":12,"column":4},"end":{"line":12,"column":17}},"5":{"start":{"line":20,"column":6},"end":{"line":20,"column":44}},"6":{"start":{"line":25,"column":4},"end":{"line":43,"column":82}},"7":{"start":{"line":27,"column":24},"end":{"line":27,"column":46}},"8":{"start":{"line":37,"column":10},"end":{"line":37,"column":66}},"9":{"start":{"line":37,"column":45},"end":{"line":37,"column":66}},"10":{"start":{"line":38,"column":10},"end":{"line":42,"column":11}},"11":{"start":{"line":39,"column":12},"end":{"line":39,"column":51}},"12":{"start":{"line":41,"column":12},"end":{"line":41,"column":52}}},"fnMap":{"0":{"name":"_interopRequireDefault","decl":{"start":{"line":5,"column":177},"end":{"line":5,"column":199}},"loc":{"start":{"line":5,"column":205},"end":{"line":5,"column":261}},"line":5},"1":{"name":"(anonymous_1)","decl":{"start":{"line":11,"column":2},"end":{"line":11,"column":3}},"loc":{"start":{"line":11,"column":21},"end":{"line":20,"column":45}},"line":11},"2":{"name":"(anonymous_2)","decl":{"start":{"line":22,"column":2},"end":{"line":22,"column":3}},"loc":{"start":{"line":22,"column":11},"end":{"line":46,"column":3}},"line":22},"3":{"name":"(anonymous_3)","decl":{"start":{"line":27,"column":13},"end":{"line":27,"column":14}},"loc":{"start":{"line":27,"column":24},"end":{"line":27,"column":46}},"line":27},"4":{"name":"(anonymous_4)","decl":{"start":{"line":36,"column":18},"end":{"line":36,"column":19}},"loc":{"start":{"line":36,"column":31},"end":{"line":43,"column":9}},"line":36}},"branchMap":{"0":{"loc":{"start":{"line":5,"column":213},"end":{"line":5,"column":259}},"type":"cond-expr","locations":[{"start":{"line":5,"column":237},"end":{"line":5,"column":240}},{"start":{"line":5,"column":243},"end":{"line":5,"column":259}}],"line":5},"1":{"loc":{"start":{"line":5,"column":213},"end":{"line":5,"column":234}},"type":"binary-expr","locations":[{"start":{"line":5,"column":213},"end":{"line":5,"column":216}},{"start":{"line":5,"column":220},"end":{"line":5,"column":234}}],"line":5},"2":{"loc":{"start":{"line":29,"column":43},"end":{"line":29,"column":80}},"type":"cond-expr","locations":[{"start":{"line":29,"column":59},"end":{"line":29,"column":71}},{"start":{"line":29,"column":74},"end":{"line":29,"column":80}}],"line":29},"3":{"loc":{"start":{"line":37,"column":10},"end":{"line":37,"column":66}},"type":"if","locations":[{"start":{"line":37,"column":10},"end":{"line":37,"column":66}},{"start":{"line":37,"column":10},"end":{"line":37,"column":66}}],"line":37},"4":{"loc":{"start":{"line":38,"column":10},"end":{"line":42,"column":11}},"type":"if","locations":[{"start":{"line":38,"column":10},"end":{"line":42,"column":11}},{"start":{"line":38,"column":10},"end":{"line":42,"column":11}}],"line":38}},"s":{"0":0,"1":0,"2":0,"3":0,"4":0,"5":0,"6":0,"7":0,"8":0,"9":0,"10":0,"11":0,"12":0},"f":{"0":0,"1":0,"2":0,"3":0,"4":0},"b":{"0":[0,0],"1":[0,0],"2":[0,0],"3":[0,0],"4":[0,0]}}
,"C:\\Users\\MrDan\\Documents\\code\\twinportrait\\src\\images\\index.js": {"path":"C:\\Users\\MrDan\\Documents\\code\\twinportrait\\src\\images\\index.js","statementMap":{"0":{"start":{"line":1,"column":39},"end":{"line":1,"column":101}},"1":{"start":{"line":1,"column":101},"end":{"line":1,"column":192}},"2":{"start":{"line":31,"column":194},"end":{"line":31,"column":248}},"3":{"start":{"line":36,"column":40},"end":{"line":67,"column":2}},"4":{"start":{"line":70,"column":39},"end":{"line":100,"column":20}},"5":{"start":{"line":104,"column":43},"end":{"line":125,"column":2}},"6":{"start":{"line":127,"column":40},"end":{"line":150,"column":19}},"7":{"start":{"line":154,"column":39},"end":{"line":175,"column":2}}},"fnMap":{"0":{"name":"_interopRequireDefault","decl":{"start":{"line":31,"column":165},"end":{"line":31,"column":187}},"loc":{"start":{"line":31,"column":193},"end":{"line":31,"column":249}},"line":31}},"branchMap":{"0":{"loc":{"start":{"line":31,"column":201},"end":{"line":31,"column":247}},"type":"cond-expr","locations":[{"start":{"line":31,"column":225},"end":{"line":31,"column":228}},{"start":{"line":31,"column":231},"end":{"line":31,"column":247}}],"line":31},"1":{"loc":{"start":{"line":31,"column":201},"end":{"line":31,"column":222}},"type":"binary-expr","locations":[{"start":{"line":31,"column":201},"end":{"line":31,"column":204}},{"start":{"line":31,"column":208},"end":{"line":31,"column":222}}],"line":31}},"s":{"0":0,"1":0,"2":0,"3":0,"4":0,"5":0,"6":0,"7":0},"f":{"0":0},"b":{"0":[0,0],"1":[0,0]}}
,"C:\\Users\\MrDan\\Documents\\code\\twinportrait\\src\\images\\eyes\\index.js": {"path":"C:\\Users\\MrDan\\Documents\\code\\twinportrait\\src\\images\\eyes\\index.js","statementMap":{"0":{"start":{"line":1,"column":39},"end":{"line":1,"column":101}},"1":{"start":{"line":1,"column":101},"end":{"line":1,"column":126}},"2":{"start":{"line":5,"column":192},"end":{"line":5,"column":246}},"3":{"start":{"line":7,"column":39},"end":{"line":26,"column":19}}},"fnMap":{"0":{"name":"_interopRequireDefault","decl":{"start":{"line":5,"column":163},"end":{"line":5,"column":185}},"loc":{"start":{"line":5,"column":191},"end":{"line":5,"column":247}},"line":5}},"branchMap":{"0":{"loc":{"start":{"line":5,"column":199},"end":{"line":5,"column":245}},"type":"cond-expr","locations":[{"start":{"line":5,"column":223},"end":{"line":5,"column":226}},{"start":{"line":5,"column":229},"end":{"line":5,"column":245}}],"line":5},"1":{"loc":{"start":{"line":5,"column":199},"end":{"line":5,"column":220}},"type":"binary-expr","locations":[{"start":{"line":5,"column":199},"end":{"line":5,"column":202}},{"start":{"line":5,"column":206},"end":{"line":5,"column":220}}],"line":5}},"s":{"0":0,"1":0,"2":0,"3":0},"f":{"0":0},"b":{"0":[0,0],"1":[0,0]}}
,"C:\\Users\\MrDan\\Documents\\code\\twinportrait\\src\\middleware\\index.js": {"path":"C:\\Users\\MrDan\\Documents\\code\\twinportrait\\src\\middleware\\index.js","statementMap":{"0":{"start":{"line":1,"column":39},"end":{"line":1,"column":101}},"1":{"start":{"line":1,"column":101},"end":{"line":1,"column":128}},"2":{"start":{"line":2,"column":172},"end":{"line":2,"column":226}},"3":{"start":{"line":2,"column":227},"end":{"line":5,"column":26}}},"fnMap":{"0":{"name":"_interopRequireDefault","decl":{"start":{"line":2,"column":143},"end":{"line":2,"column":165}},"loc":{"start":{"line":2,"column":171},"end":{"line":2,"column":227}},"line":2}},"branchMap":{"0":{"loc":{"start":{"line":2,"column":179},"end":{"line":2,"column":225}},"type":"cond-expr","locations":[{"start":{"line":2,"column":203},"end":{"line":2,"column":206}},{"start":{"line":2,"column":209},"end":{"line":2,"column":225}}],"line":2},"1":{"loc":{"start":{"line":2,"column":179},"end":{"line":2,"column":200}},"type":"binary-expr","locations":[{"start":{"line":2,"column":179},"end":{"line":2,"column":182}},{"start":{"line":2,"column":186},"end":{"line":2,"column":200}}],"line":2}},"s":{"0":0,"1":0,"2":0,"3":0},"f":{"0":0},"b":{"0":[0,0],"1":[0,0]}}
,"C:\\Users\\MrDan\\Documents\\code\\twinportrait\\src\\middleware\\logger.js": {"path":"C:\\Users\\MrDan\\Documents\\code\\twinportrait\\src\\middleware\\logger.js","statementMap":{"0":{"start":{"line":1,"column":39},"end":{"line":1,"column":101}},"1":{"start":{"line":1,"column":101},"end":{"line":5,"column":2}},"2":{"start":{"line":2,"column":9},"end":{"line":5,"column":1}},"3":{"start":{"line":2,"column":17},"end":{"line":5,"column":1}},"4":{"start":{"line":3,"column":2},"end":{"line":3,"column":22}},"5":{"start":{"line":4,"column":2},"end":{"line":4,"column":22}}},"fnMap":{"0":{"name":"(anonymous_0)","decl":{"start":{"line":2,"column":0},"end":{"line":2,"column":1}},"loc":{"start":{"line":2,"column":9},"end":{"line":5,"column":1}},"line":2},"1":{"name":"(anonymous_1)","decl":{"start":{"line":2,"column":9},"end":{"line":2,"column":10}},"loc":{"start":{"line":2,"column":17},"end":{"line":5,"column":1}},"line":2},"2":{"name":"(anonymous_2)","decl":{"start":{"line":2,"column":17},"end":{"line":2,"column":18}},"loc":{"start":{"line":2,"column":27},"end":{"line":5,"column":1}},"line":2}},"branchMap":{},"s":{"0":0,"1":0,"2":0,"3":0,"4":0,"5":0},"f":{"0":0,"1":0,"2":0},"b":{}}
,"C:\\Users\\MrDan\\Documents\\code\\twinportrait\\src\\reducers\\index.js": {"path":"C:\\Users\\MrDan\\Documents\\code\\twinportrait\\src\\reducers\\index.js","statementMap":{"0":{"start":{"line":1,"column":39},"end":{"line":1,"column":101}},"1":{"start":{"line":5,"column":226},"end":{"line":5,"column":280}},"2":{"start":{"line":5,"column":281},"end":{"line":11,"column":75}}},"fnMap":{"0":{"name":"_interopRequireDefault","decl":{"start":{"line":5,"column":197},"end":{"line":5,"column":219}},"loc":{"start":{"line":5,"column":225},"end":{"line":5,"column":281}},"line":5}},"branchMap":{"0":{"loc":{"start":{"line":5,"column":233},"end":{"line":5,"column":279}},"type":"cond-expr","locations":[{"start":{"line":5,"column":257},"end":{"line":5,"column":260}},{"start":{"line":5,"column":263},"end":{"line":5,"column":279}}],"line":5},"1":{"loc":{"start":{"line":5,"column":233},"end":{"line":5,"column":254}},"type":"binary-expr","locations":[{"start":{"line":5,"column":233},"end":{"line":5,"column":236}},{"start":{"line":5,"column":240},"end":{"line":5,"column":254}}],"line":5}},"s":{"0":0,"1":0,"2":0},"f":{"0":0},"b":{"0":[0,0],"1":[0,0]}}
,"C:\\Users\\MrDan\\Documents\\code\\twinportrait\\src\\reducers\\landmark-select-reducer.js": {"path":"C:\\Users\\MrDan\\Documents\\code\\twinportrait\\src\\reducers\\landmark-select-reducer.js","statementMap":{"0":{"start":{"line":1,"column":39},"end":{"line":1,"column":101}},"1":{"start":{"line":1,"column":101},"end":{"line":16,"column":2}},"2":{"start":{"line":6,"column":2},"end":{"line":14,"column":20}},"3":{"start":{"line":8,"column":6},"end":{"line":8,"column":82}},"4":{"start":{"line":11,"column":6},"end":{"line":11,"column":16}},"5":{"start":{"line":14,"column":6},"end":{"line":14,"column":19}},"6":{"start":{"line":16,"column":206},"end":{"line":16,"column":260}},"7":{"start":{"line":16,"column":282},"end":{"line":16,"column":284}}},"fnMap":{"0":{"name":"(anonymous_0)","decl":{"start":{"line":5,"column":0},"end":{"line":5,"column":1}},"loc":{"start":{"line":5,"column":45},"end":{"line":16,"column":1}},"line":5},"1":{"name":"_interopRequireDefault","decl":{"start":{"line":16,"column":177},"end":{"line":16,"column":199}},"loc":{"start":{"line":16,"column":205},"end":{"line":16,"column":261}},"line":16}},"branchMap":{"0":{"loc":{"start":{"line":5,"column":10},"end":{"line":5,"column":30}},"type":"default-arg","locations":[{"start":{"line":5,"column":18},"end":{"line":5,"column":30}}],"line":5},"1":{"loc":{"start":{"line":5,"column":32},"end":{"line":5,"column":43}},"type":"default-arg","locations":[{"start":{"line":5,"column":41},"end":{"line":5,"column":43}}],"line":5},"2":{"loc":{"start":{"line":6,"column":2},"end":{"line":14,"column":20}},"type":"switch","locations":[{"start":{"line":7,"column":4},"end":{"line":8,"column":82}},{"start":{"line":10,"column":4},"end":{"line":11,"column":16}},{"start":{"line":13,"column":4},"end":{"line":14,"column":19}}],"line":6},"3":{"loc":{"start":{"line":16,"column":213},"end":{"line":16,"column":259}},"type":"cond-expr","locations":[{"start":{"line":16,"column":237},"end":{"line":16,"column":240}},{"start":{"line":16,"column":243},"end":{"line":16,"column":259}}],"line":16},"4":{"loc":{"start":{"line":16,"column":213},"end":{"line":16,"column":234}},"type":"binary-expr","locations":[{"start":{"line":16,"column":213},"end":{"line":16,"column":216}},{"start":{"line":16,"column":220},"end":{"line":16,"column":234}}],"line":16}},"s":{"0":0,"1":0,"2":0,"3":0,"4":0,"5":0,"6":0,"7":0},"f":{"0":0,"1":0},"b":{"0":[0],"1":[0],"2":[0,0,0],"3":[0,0],"4":[0,0]}}
,"C:\\Users\\MrDan\\Documents\\code\\twinportrait\\src\\reducers\\portrait-info-reducer.js": {"path":"C:\\Users\\MrDan\\Documents\\code\\twinportrait\\src\\reducers\\portrait-info-reducer.js","statementMap":{"0":{"start":{"line":1,"column":39},"end":{"line":1,"column":101}},"1":{"start":{"line":1,"column":101},"end":{"line":14,"column":2}},"2":{"start":{"line":6,"column":2},"end":{"line":12,"column":20}},"3":{"start":{"line":9,"column":6},"end":{"line":9,"column":82}},"4":{"start":{"line":12,"column":6},"end":{"line":12,"column":19}},"5":{"start":{"line":14,"column":206},"end":{"line":14,"column":260}},"6":{"start":{"line":14,"column":282},"end":{"line":14,"column":284}}},"fnMap":{"0":{"name":"(anonymous_0)","decl":{"start":{"line":5,"column":0},"end":{"line":5,"column":1}},"loc":{"start":{"line":5,"column":45},"end":{"line":14,"column":1}},"line":5},"1":{"name":"_interopRequireDefault","decl":{"start":{"line":14,"column":177},"end":{"line":14,"column":199}},"loc":{"start":{"line":14,"column":205},"end":{"line":14,"column":261}},"line":14}},"branchMap":{"0":{"loc":{"start":{"line":5,"column":10},"end":{"line":5,"column":30}},"type":"default-arg","locations":[{"start":{"line":5,"column":18},"end":{"line":5,"column":30}}],"line":5},"1":{"loc":{"start":{"line":5,"column":32},"end":{"line":5,"column":43}},"type":"default-arg","locations":[{"start":{"line":5,"column":41},"end":{"line":5,"column":43}}],"line":5},"2":{"loc":{"start":{"line":6,"column":2},"end":{"line":12,"column":20}},"type":"switch","locations":[{"start":{"line":8,"column":4},"end":{"line":9,"column":82}},{"start":{"line":11,"column":4},"end":{"line":12,"column":19}}],"line":6},"3":{"loc":{"start":{"line":14,"column":213},"end":{"line":14,"column":259}},"type":"cond-expr","locations":[{"start":{"line":14,"column":237},"end":{"line":14,"column":240}},{"start":{"line":14,"column":243},"end":{"line":14,"column":259}}],"line":14},"4":{"loc":{"start":{"line":14,"column":213},"end":{"line":14,"column":234}},"type":"binary-expr","locations":[{"start":{"line":14,"column":213},"end":{"line":14,"column":216}},{"start":{"line":14,"column":220},"end":{"line":14,"column":234}}],"line":14}},"s":{"0":0,"1":0,"2":0,"3":0,"4":0,"5":0,"6":0},"f":{"0":0,"1":0},"b":{"0":[0],"1":[0],"2":[0,0],"3":[0,0],"4":[0,0]}}
,"C:\\Users\\MrDan\\Documents\\code\\twinportrait\\src\\reducers\\portrait-reducer.js": {"path":"C:\\Users\\MrDan\\Documents\\code\\twinportrait\\src\\reducers\\portrait-reducer.js","statementMap":{"0":{"start":{"line":1,"column":39},"end":{"line":1,"column":101}},"1":{"start":{"line":1,"column":101},"end":{"line":14,"column":2}},"2":{"start":{"line":6,"column":2},"end":{"line":12,"column":20}},"3":{"start":{"line":9,"column":6},"end":{"line":9,"column":82}},"4":{"start":{"line":12,"column":6},"end":{"line":12,"column":19}},"5":{"start":{"line":14,"column":206},"end":{"line":14,"column":260}},"6":{"start":{"line":14,"column":282},"end":{"line":14,"column":284}}},"fnMap":{"0":{"name":"(anonymous_0)","decl":{"start":{"line":5,"column":0},"end":{"line":5,"column":1}},"loc":{"start":{"line":5,"column":45},"end":{"line":14,"column":1}},"line":5},"1":{"name":"_interopRequireDefault","decl":{"start":{"line":14,"column":177},"end":{"line":14,"column":199}},"loc":{"start":{"line":14,"column":205},"end":{"line":14,"column":261}},"line":14}},"branchMap":{"0":{"loc":{"start":{"line":5,"column":10},"end":{"line":5,"column":30}},"type":"default-arg","locations":[{"start":{"line":5,"column":18},"end":{"line":5,"column":30}}],"line":5},"1":{"loc":{"start":{"line":5,"column":32},"end":{"line":5,"column":43}},"type":"default-arg","locations":[{"start":{"line":5,"column":41},"end":{"line":5,"column":43}}],"line":5},"2":{"loc":{"start":{"line":6,"column":2},"end":{"line":12,"column":20}},"type":"switch","locations":[{"start":{"line":8,"column":4},"end":{"line":9,"column":82}},{"start":{"line":11,"column":4},"end":{"line":12,"column":19}}],"line":6},"3":{"loc":{"start":{"line":14,"column":213},"end":{"line":14,"column":259}},"type":"cond-expr","locations":[{"start":{"line":14,"column":237},"end":{"line":14,"column":240}},{"start":{"line":14,"column":243},"end":{"line":14,"column":259}}],"line":14},"4":{"loc":{"start":{"line":14,"column":213},"end":{"line":14,"column":234}},"type":"binary-expr","locations":[{"start":{"line":14,"column":213},"end":{"line":14,"column":216}},{"start":{"line":14,"column":220},"end":{"line":14,"column":234}}],"line":14}},"s":{"0":0,"1":0,"2":0,"3":0,"4":0,"5":0,"6":0},"f":{"0":0,"1":0},"b":{"0":[0],"1":[0],"2":[0,0],"3":[0,0],"4":[0,0]}}
,"C:\\Users\\MrDan\\Documents\\code\\twinportrait\\src\\store\\index.js": {"path":"C:\\Users\\MrDan\\Documents\\code\\twinportrait\\src\\store\\index.js","statementMap":{"0":{"start":{"line":1,"column":39},"end":{"line":1,"column":101}},"1":{"start":{"line":1,"column":101},"end":{"line":1,"column":133}},"2":{"start":{"line":4,"column":180},"end":{"line":4,"column":234}},"3":{"start":{"line":6,"column":46},"end":{"line":15,"column":1}},"4":{"start":{"line":7,"column":19},"end":{"line":7,"column":67}},"5":{"start":{"line":8,"column":15},"end":{"line":8,"column":52}},"6":{"start":{"line":10,"column":2},"end":{"line":12,"column":3}},"7":{"start":{"line":11,"column":4},"end":{"line":11,"column":62}},"8":{"start":{"line":14,"column":2},"end":{"line":14,"column":179}}},"fnMap":{"0":{"name":"_interopRequireDefault","decl":{"start":{"line":4,"column":151},"end":{"line":4,"column":173}},"loc":{"start":{"line":4,"column":179},"end":{"line":4,"column":235}},"line":4},"1":{"name":"(anonymous_1)","decl":{"start":{"line":6,"column":68},"end":{"line":6,"column":69}},"loc":{"start":{"line":6,"column":74},"end":{"line":15,"column":1}},"line":6}},"branchMap":{"0":{"loc":{"start":{"line":4,"column":187},"end":{"line":4,"column":233}},"type":"cond-expr","locations":[{"start":{"line":4,"column":211},"end":{"line":4,"column":214}},{"start":{"line":4,"column":217},"end":{"line":4,"column":233}}],"line":4},"1":{"loc":{"start":{"line":4,"column":187},"end":{"line":4,"column":208}},"type":"binary-expr","locations":[{"start":{"line":4,"column":187},"end":{"line":4,"column":190}},{"start":{"line":4,"column":194},"end":{"line":4,"column":208}}],"line":4},"2":{"loc":{"start":{"line":10,"column":2},"end":{"line":12,"column":3}},"type":"if","locations":[{"start":{"line":10,"column":2},"end":{"line":12,"column":3}},{"start":{"line":10,"column":2},"end":{"line":12,"column":3}}],"line":10}},"s":{"0":0,"1":0,"2":0,"3":0,"4":0,"5":0,"6":0,"7":0,"8":0},"f":{"0":0,"1":0},"b":{"0":[0,0],"1":[0,0],"2":[0,0]}}
,"C:\\Users\\MrDan\\Documents\\code\\twinportrait\\src\\util\\ajax.js": {"path":"C:\\Users\\MrDan\\Documents\\code\\twinportrait\\src\\util\\ajax.js","statementMap":{"0":{"start":{"line":1,"column":39},"end":{"line":1,"column":101}},"1":{"start":{"line":1,"column":101},"end":{"line":17,"column":2}},"2":{"start":{"line":5,"column":2},"end":{"line":16,"column":5}},"3":{"start":{"line":17,"column":239},"end":{"line":17,"column":293}}},"fnMap":{"0":{"name":"(anonymous_0)","decl":{"start":{"line":4,"column":0},"end":{"line":4,"column":1}},"loc":{"start":{"line":4,"column":59},"end":{"line":17,"column":1}},"line":4},"1":{"name":"(anonymous_1)","decl":{"start":{"line":5,"column":59},"end":{"line":5,"column":60}},"loc":{"start":{"line":5,"column":83},"end":{"line":16,"column":3}},"line":5},"2":{"name":"_interopRequireDefault","decl":{"start":{"line":17,"column":210},"end":{"line":17,"column":232}},"loc":{"start":{"line":17,"column":238},"end":{"line":17,"column":294}},"line":17}},"branchMap":{"0":{"loc":{"start":{"line":4,"column":21},"end":{"line":4,"column":33}},"type":"default-arg","locations":[{"start":{"line":4,"column":31},"end":{"line":4,"column":33}}],"line":4},"1":{"loc":{"start":{"line":4,"column":35},"end":{"line":4,"column":57}},"type":"default-arg","locations":[{"start":{"line":4,"column":53},"end":{"line":4,"column":57}}],"line":4},"2":{"loc":{"start":{"line":17,"column":246},"end":{"line":17,"column":292}},"type":"cond-expr","locations":[{"start":{"line":17,"column":270},"end":{"line":17,"column":273}},{"start":{"line":17,"column":276},"end":{"line":17,"column":292}}],"line":17},"3":{"loc":{"start":{"line":17,"column":246},"end":{"line":17,"column":267}},"type":"binary-expr","locations":[{"start":{"line":17,"column":246},"end":{"line":17,"column":249}},{"start":{"line":17,"column":253},"end":{"line":17,"column":267}}],"line":17}},"s":{"0":0,"1":0,"2":0,"3":0},"f":{"0":0,"1":0,"2":0},"b":{"0":[0],"1":[0],"2":[0,0],"3":[0,0]}}
,"C:\\Users\\MrDan\\Documents\\code\\twinportrait\\src\\util\\landmark-key-generator.js": {"path":"C:\\Users\\MrDan\\Documents\\code\\twinportrait\\src\\util\\landmark-key-generator.js","statementMap":{"0":{"start":{"line":1,"column":39},"end":{"line":1,"column":101}},"1":{"start":{"line":1,"column":101},"end":{"line":4,"column":2}},"2":{"start":{"line":2,"column":20},"end":{"line":2,"column":61}},"3":{"start":{"line":3,"column":2},"end":{"line":3,"column":88}}},"fnMap":{"0":{"name":"(anonymous_0)","decl":{"start":{"line":1,"column":119},"end":{"line":1,"column":120}},"loc":{"start":{"line":1,"column":153},"end":{"line":4,"column":1}},"line":1}},"branchMap":{"0":{"loc":{"start":{"line":2,"column":20},"end":{"line":2,"column":61}},"type":"cond-expr","locations":[{"start":{"line":2,"column":46},"end":{"line":2,"column":50}},{"start":{"line":2,"column":53},"end":{"line":2,"column":61}}],"line":2}},"s":{"0":0,"1":0,"2":0,"3":0},"f":{"0":0},"b":{"0":[0,0]}}
,"C:\\Users\\MrDan\\Documents\\code\\twinportrait\\src\\util\\local-storage.js": {"path":"C:\\Users\\MrDan\\Documents\\code\\twinportrait\\src\\util\\local-storage.js","statementMap":{"0":{"start":{"line":1,"column":39},"end":{"line":1,"column":101}},"1":{"start":{"line":1,"column":122},"end":{"line":1,"column":157}}},"fnMap":{},"branchMap":{"0":{"loc":{"start":{"line":1,"column":122},"end":{"line":1,"column":157}},"type":"binary-expr","locations":[{"start":{"line":1,"column":122},"end":{"line":1,"column":128}},{"start":{"line":1,"column":132},"end":{"line":1,"column":151}},{"start":{"line":1,"column":155},"end":{"line":1,"column":157}}],"line":1}},"s":{"0":0,"1":0},"f":{},"b":{"0":[0,0,0]}}
}
