TN:
SF:C:\Users\MrDan\Documents\code\twinportrait\src\MyInputComponent.js
FN:6,(anonymous_0)
FNF:1
FNH:0
FNDA:0,(anonymous_0)
DA:8,0
LF:1
LH:0
BRF:0
BRH:0
end_of_record
TN:
SF:C:\Users\MrDan\Documents\code\twinportrait\src\index.js
FN:9,_interopRequireDefault
FNF:1
FNH:0
FNDA:0,_interopRequireDefault
DA:1,0
DA:9,0
DA:11,0
DA:12,0
LF:4
LH:0
BRDA:9,0,0,0
BRDA:9,0,1,0
BRDA:9,1,0,0
BRDA:9,1,1,0
BRF:4
BRH:0
end_of_record
TN:
SF:C:\Users\MrDan\Documents\code\twinportrait\src\setupTests.js
FN:2,_interopRequireDefault
FNF:1
FNH:0
FNDA:0,_interopRequireDefault
DA:2,0
LF:1
LH:0
BRDA:2,0,0,0
BRDA:2,0,1,0
BRDA:2,1,0,0
BRDA:2,1,1,0
BRF:4
BRH:0
end_of_record
TN:
SF:C:\Users\MrDan\Documents\code\twinportrait\src\actions\landmark-select-actions.js
FN:13,_interopRequireDefault
FN:13,selectLandmark
FN:13,(anonymous_2)
FN:13,resetSelect
FN:15,(anonymous_4)
FNF:5
FNH:0
FNDA:0,_interopRequireDefault
FNDA:0,selectLandmark
FNDA:0,(anonymous_2)
FNDA:0,resetSelect
FNDA:0,(anonymous_4)
DA:1,0
DA:13,0
DA:15,0
DA:16,0
LF:4
LH:0
BRDA:13,0,0,0
BRDA:13,0,1,0
BRDA:13,1,0,0
BRDA:13,1,1,0
BRF:4
BRH:0
end_of_record
TN:
SF:C:\Users\MrDan\Documents\code\twinportrait\src\actions\portrait-actions.js
FN:56,_interopRequireDefault
FN:56,fetchPortrait
FN:56,(anonymous_2)
FN:56,(anonymous_3)
FN:56,updatePortrait
FN:56,(anonymous_5)
FN:56,(anonymous_6)
FN:56,setNotApplicable
FN:56,(anonymous_8)
FN:56,(anonymous_9)
FN:56,fetchPortraitInfo
FN:58,(anonymous_11)
FN:62,(anonymous_12)
FNF:13
FNH:0
FNDA:0,_interopRequireDefault
FNDA:0,fetchPortrait
FNDA:0,(anonymous_2)
FNDA:0,(anonymous_3)
FNDA:0,updatePortrait
FNDA:0,(anonymous_5)
FNDA:0,(anonymous_6)
FNDA:0,setNotApplicable
FNDA:0,(anonymous_8)
FNDA:0,(anonymous_9)
FNDA:0,fetchPortraitInfo
FNDA:0,(anonymous_11)
FNDA:0,(anonymous_12)
DA:1,0
DA:56,0
DA:58,0
DA:59,0
DA:62,0
DA:63,0
DA:69,0
LF:7
LH:0
BRDA:56,0,0,0
BRDA:56,0,1,0
BRDA:56,1,0,0
BRDA:56,1,1,0
BRF:4
BRH:0
end_of_record
TN:
SF:C:\Users\MrDan\Documents\code\twinportrait\src\actions\user-actions.js
FN:5,_interopRequireDefault
FN:5,registerUser
FN:7,(anonymous_2)
FN:10,(anonymous_3)
FNF:4
FNH:0
FNDA:0,_interopRequireDefault
FNDA:0,registerUser
FNDA:0,(anonymous_2)
FNDA:0,(anonymous_3)
DA:1,0
DA:5,0
DA:7,0
DA:8,0
DA:10,0
DA:11,0
DA:17,0
LF:7
LH:0
BRDA:5,0,0,0
BRDA:5,0,1,0
BRDA:5,1,0,0
BRDA:5,1,1,0
BRF:4
BRH:0
end_of_record
TN:
SF:C:\Users\MrDan\Documents\code\twinportrait\src\components\floating-button.js
FN:4,_interopRequireDefault
FN:8,(anonymous_1)
FNF:2
FNH:0
FNDA:0,_interopRequireDefault
FNDA:0,(anonymous_1)
DA:1,0
DA:4,0
DA:11,0
LF:3
LH:0
BRDA:4,0,0,0
BRDA:4,0,1,0
BRDA:4,1,0,0
BRDA:4,1,1,0
BRF:4
BRH:0
end_of_record
TN:
SF:C:\Users\MrDan\Documents\code\twinportrait\src\components\home.js
FN:7,_interopRequireDefault
FN:70,(anonymous_1)
FNF:2
FNH:0
FNDA:0,_interopRequireDefault
FNDA:0,(anonymous_1)
DA:1,0
DA:7,0
DA:70,0
LF:3
LH:0
BRDA:7,0,0,0
BRDA:7,0,1,0
BRDA:7,1,0,0
BRDA:7,1,1,0
BRF:4
BRH:0
end_of_record
TN:
SF:C:\Users\MrDan\Documents\code\twinportrait\src\components\landmark\landmarks-list-item.js
FN:10,_interopRequireDefault
FN:16,(anonymous_1)
FN:96,(anonymous_2)
FN:96,(anonymous_3)
FN:96,(anonymous_4)
FN:96,(anonymous_5)
FN:99,(anonymous_6)
FN:103,(anonymous_7)
FNF:8
FNH:0
FNDA:0,_interopRequireDefault
FNDA:0,(anonymous_1)
FNDA:0,(anonymous_2)
FNDA:0,(anonymous_3)
FNDA:0,(anonymous_4)
FNDA:0,(anonymous_5)
FNDA:0,(anonymous_6)
FNDA:0,(anonymous_7)
DA:1,0
DA:10,0
DA:12,0
DA:17,0
DA:96,0
DA:99,0
DA:103,0
LF:7
LH:0
BRDA:10,0,0,0
BRDA:10,0,1,0
BRDA:10,1,0,0
BRDA:10,1,1,0
BRDA:96,2,0,0
BRDA:96,2,1,0
BRF:6
BRH:0
end_of_record
TN:
SF:C:\Users\MrDan\Documents\code\twinportrait\src\components\landmark\landmarks-list.js
FN:4,_interopRequireDefault
FN:8,(anonymous_1)
FN:30,(anonymous_2)
FNF:3
FNH:0
FNDA:0,_interopRequireDefault
FNDA:0,(anonymous_1)
FNDA:0,(anonymous_2)
DA:1,0
DA:4,0
DA:10,0
DA:28,0
DA:31,0
LF:5
LH:0
BRDA:4,0,0,0
BRDA:4,0,1,0
BRDA:4,1,0,0
BRDA:4,1,1,0
BRF:4
BRH:0
end_of_record
TN:
SF:C:\Users\MrDan\Documents\code\twinportrait\src\components\modals\help-modal.js
FN:5,_interopRequireDefault
FN:9,(anonymous_1)
FNF:2
FNH:0
FNDA:0,_interopRequireDefault
FNDA:0,(anonymous_1)
DA:1,0
DA:5,0
DA:12,0
LF:3
LH:0
BRDA:5,0,0,0
BRDA:5,0,1,0
BRDA:5,1,0,0
BRDA:5,1,1,0
BRF:4
BRH:0
end_of_record
TN:
SF:C:\Users\MrDan\Documents\code\twinportrait\src\components\modals\registration-modal.js
FN:12,(anonymous_0)
FN:112,(anonymous_1)
FN:112,(anonymous_2)
FN:112,(anonymous_3)
FN:115,(anonymous_4)
FNF:5
FNH:0
FNDA:0,(anonymous_0)
FNDA:0,(anonymous_1)
FNDA:0,(anonymous_2)
FNDA:0,(anonymous_3)
FNDA:0,(anonymous_4)
DA:1,0
DA:13,0
DA:112,0
DA:115,0
LF:4
LH:0
BRDA:112,0,0,0
BRDA:112,0,1,0
BRDA:112,2,0,0
BRDA:112,3,0,0
BRDA:112,4,0,0
BRDA:112,4,1,0
BRF:6
BRH:0
end_of_record
TN:
SF:C:\Users\MrDan\Documents\code\twinportrait\src\components\modals\help-body\body.js
FN:9,(anonymous_0)
FN:19,(anonymous_1)
FNF:2
FNH:0
FNDA:0,(anonymous_0)
FNDA:0,(anonymous_1)
DA:1,0
DA:11,0
DA:17,0
DA:20,0
LF:4
LH:0
BRF:0
BRH:0
end_of_record
TN:
SF:C:\Users\MrDan\Documents\code\twinportrait\src\components\modals\help-body\content-list.js
FN:11,_interopRequireDefault
FNF:1
FNH:0
FNDA:0,_interopRequireDefault
DA:1,0
DA:11,0
DA:13,0
DA:31,0
DA:54,0
LF:5
LH:0
BRDA:11,0,0,0
BRDA:11,0,1,0
BRDA:11,1,0,0
BRDA:11,1,1,0
BRF:4
BRH:0
end_of_record
TN:
SF:C:\Users\MrDan\Documents\code\twinportrait\src\components\modals\portrait-info\portrait-info-modal.js
FN:8,_interopRequireDefault
FN:12,(anonymous_1)
FN:27,(anonymous_2)
FN:31,(anonymous_3)
FN:34,(anonymous_4)
FN:95,(anonymous_5)
FN:101,(anonymous_6)
FNF:7
FNH:0
FNDA:0,_interopRequireDefault
FNDA:0,(anonymous_1)
FNDA:0,(anonymous_2)
FNDA:0,(anonymous_3)
FNDA:0,(anonymous_4)
FNDA:0,(anonymous_5)
FNDA:0,(anonymous_6)
DA:1,0
DA:8,0
DA:13,0
DA:25,0
DA:30,0
DA:31,0
DA:39,0
DA:95,0
DA:101,0
LF:9
LH:0
BRDA:8,0,0,0
BRDA:8,0,1,0
BRDA:8,1,0,0
BRDA:8,1,1,0
BRDA:71,3,0,0
BRDA:75,4,0,0
BRDA:75,4,1,0
BRF:7
BRH:0
end_of_record
TN:
SF:C:\Users\MrDan\Documents\code\twinportrait\src\constants\action-types.js
FNF:0
FNH:0
DA:1,0
LF:1
LH:0
BRF:0
BRH:0
end_of_record
TN:
SF:C:\Users\MrDan\Documents\code\twinportrait\src\constants\api-routes.js
FNF:0
FNH:0
DA:1,0
LF:1
LH:0
BRF:0
BRH:0
end_of_record
TN:
SF:C:\Users\MrDan\Documents\code\twinportrait\src\constants\landmarks.js
FNF:0
FNH:0
DA:1,0
LF:1
LH:0
BRF:0
BRH:0
end_of_record
TN:
SF:C:\Users\MrDan\Documents\code\twinportrait\src\containers\App\index.js
FN:19,_interopRequireDefault
FN:25,(anonymous_1)
FN:241,(anonymous_2)
FN:241,(anonymous_3)
FN:241,(anonymous_4)
FN:243,(anonymous_5)
FN:243,(anonymous_6)
FN:244,(anonymous_7)
FN:250,(anonymous_8)
FNF:9
FNH:0
FNDA:0,_interopRequireDefault
FNDA:0,(anonymous_1)
FNDA:0,(anonymous_2)
FNDA:0,(anonymous_3)
FNDA:0,(anonymous_4)
FNDA:0,(anonymous_5)
FNDA:0,(anonymous_6)
FNDA:0,(anonymous_7)
FNDA:0,(anonymous_8)
DA:1,0
DA:19,0
DA:21,0
DA:26,0
DA:241,0
DA:242,0
DA:243,0
DA:244,0
DA:250,0
LF:9
LH:0
BRDA:19,0,0,0
BRDA:19,0,1,0
BRDA:19,1,0,0
BRDA:19,1,1,0
BRDA:241,2,0,0
BRDA:241,2,1,0
BRF:6
BRH:0
end_of_record
TN:
SF:C:\Users\MrDan\Documents\code\twinportrait\src\containers\App\joyride-steps.js
FNF:0
FNH:0
DA:1,0
LF:1
LH:0
BRF:0
BRH:0
end_of_record
TN:
SF:C:\Users\MrDan\Documents\code\twinportrait\src\containers\App\joyride-tour.js
FN:5,_interopRequireDefault
FN:11,(anonymous_1)
FN:22,(anonymous_2)
FN:27,(anonymous_3)
FN:36,(anonymous_4)
FNF:5
FNH:0
FNDA:0,_interopRequireDefault
FNDA:0,(anonymous_1)
FNDA:0,(anonymous_2)
FNDA:0,(anonymous_3)
FNDA:0,(anonymous_4)
DA:1,0
DA:5,0
DA:7,0
DA:12,0
DA:20,0
DA:25,0
DA:27,0
DA:37,0
DA:38,0
DA:39,0
DA:41,0
LF:11
LH:0
BRDA:5,0,0,0
BRDA:5,0,1,0
BRDA:5,1,0,0
BRDA:5,1,1,0
BRDA:29,2,0,0
BRDA:29,2,1,0
BRDA:37,3,0,0
BRDA:37,3,1,0
BRDA:38,4,0,0
BRDA:38,4,1,0
BRF:10
BRH:0
end_of_record
TN:
SF:C:\Users\MrDan\Documents\code\twinportrait\src\images\index.js
FN:31,_interopRequireDefault
FNF:1
FNH:0
FNDA:0,_interopRequireDefault
DA:1,0
DA:31,0
DA:36,0
DA:70,0
DA:104,0
DA:127,0
DA:154,0
LF:7
LH:0
BRDA:31,0,0,0
BRDA:31,0,1,0
BRDA:31,1,0,0
BRDA:31,1,1,0
BRF:4
BRH:0
end_of_record
TN:
SF:C:\Users\MrDan\Documents\code\twinportrait\src\images\eyes\index.js
FN:5,_interopRequireDefault
FNF:1
FNH:0
FNDA:0,_interopRequireDefault
DA:1,0
DA:5,0
DA:7,0
LF:3
LH:0
BRDA:5,0,0,0
BRDA:5,0,1,0
BRDA:5,1,0,0
BRDA:5,1,1,0
BRF:4
BRH:0
end_of_record
TN:
SF:C:\Users\MrDan\Documents\code\twinportrait\src\middleware\index.js
FN:2,_interopRequireDefault
FNF:1
FNH:0
FNDA:0,_interopRequireDefault
DA:1,0
DA:2,0
LF:2
LH:0
BRDA:2,0,0,0
BRDA:2,0,1,0
BRDA:2,1,0,0
BRDA:2,1,1,0
BRF:4
BRH:0
end_of_record
TN:
SF:C:\Users\MrDan\Documents\code\twinportrait\src\middleware\logger.js
FN:2,(anonymous_0)
FN:2,(anonymous_1)
FN:2,(anonymous_2)
FNF:3
FNH:0
FNDA:0,(anonymous_0)
FNDA:0,(anonymous_1)
FNDA:0,(anonymous_2)
DA:1,0
DA:2,0
DA:3,0
DA:4,0
LF:4
LH:0
BRF:0
BRH:0
end_of_record
TN:
SF:C:\Users\MrDan\Documents\code\twinportrait\src\reducers\index.js
FN:5,_interopRequireDefault
FNF:1
FNH:0
FNDA:0,_interopRequireDefault
DA:1,0
DA:5,0
LF:2
LH:0
BRDA:5,0,0,0
BRDA:5,0,1,0
BRDA:5,1,0,0
BRDA:5,1,1,0
BRF:4
BRH:0
end_of_record
TN:
SF:C:\Users\MrDan\Documents\code\twinportrait\src\reducers\landmark-select-reducer.js
FN:5,(anonymous_0)
FN:16,_interopRequireDefault
FNF:2
FNH:0
FNDA:0,(anonymous_0)
FNDA:0,_interopRequireDefault
DA:1,0
DA:6,0
DA:8,0
DA:11,0
DA:14,0
DA:16,0
LF:6
LH:0
BRDA:5,0,0,0
BRDA:5,1,0,0
BRDA:6,2,0,0
BRDA:6,2,1,0
BRDA:6,2,2,0
BRDA:16,3,0,0
BRDA:16,3,1,0
BRDA:16,4,0,0
BRDA:16,4,1,0
BRF:9
BRH:0
end_of_record
TN:
SF:C:\Users\MrDan\Documents\code\twinportrait\src\reducers\portrait-info-reducer.js
FN:5,(anonymous_0)
FN:14,_interopRequireDefault
FNF:2
FNH:0
FNDA:0,(anonymous_0)
FNDA:0,_interopRequireDefault
DA:1,0
DA:6,0
DA:9,0
DA:12,0
DA:14,0
LF:5
LH:0
BRDA:5,0,0,0
BRDA:5,1,0,0
BRDA:6,2,0,0
BRDA:6,2,1,0
BRDA:14,3,0,0
BRDA:14,3,1,0
BRDA:14,4,0,0
BRDA:14,4,1,0
BRF:8
BRH:0
end_of_record
TN:
SF:C:\Users\MrDan\Documents\code\twinportrait\src\reducers\portrait-reducer.js
FN:5,(anonymous_0)
FN:14,_interopRequireDefault
FNF:2
FNH:0
FNDA:0,(anonymous_0)
FNDA:0,_interopRequireDefault
DA:1,0
DA:6,0
DA:9,0
DA:12,0
DA:14,0
LF:5
LH:0
BRDA:5,0,0,0
BRDA:5,1,0,0
BRDA:6,2,0,0
BRDA:6,2,1,0
BRDA:14,3,0,0
BRDA:14,3,1,0
BRDA:14,4,0,0
BRDA:14,4,1,0
BRF:8
BRH:0
end_of_record
TN:
SF:C:\Users\MrDan\Documents\code\twinportrait\src\store\index.js
FN:4,_interopRequireDefault
FN:6,(anonymous_1)
FNF:2
FNH:0
FNDA:0,_interopRequireDefault
FNDA:0,(anonymous_1)
DA:1,0
DA:4,0
DA:6,0
DA:7,0
DA:8,0
DA:10,0
DA:11,0
DA:14,0
LF:8
LH:0
BRDA:4,0,0,0
BRDA:4,0,1,0
BRDA:4,1,0,0
BRDA:4,1,1,0
BRDA:10,2,0,0
BRDA:10,2,1,0
BRF:6
BRH:0
end_of_record
TN:
SF:C:\Users\MrDan\Documents\code\twinportrait\src\util\ajax.js
FN:4,(anonymous_0)
FN:5,(anonymous_1)
FN:17,_interopRequireDefault
FNF:3
FNH:0
FNDA:0,(anonymous_0)
FNDA:0,(anonymous_1)
FNDA:0,_interopRequireDefault
DA:1,0
DA:5,0
DA:17,0
LF:3
LH:0
BRDA:4,0,0,0
BRDA:4,1,0,0
BRDA:17,2,0,0
BRDA:17,2,1,0
BRDA:17,3,0,0
BRDA:17,3,1,0
BRF:6
BRH:0
end_of_record
TN:
SF:C:\Users\MrDan\Documents\code\twinportrait\src\util\landmark-key-generator.js
FN:1,(anonymous_0)
FNF:1
FNH:0
FNDA:0,(anonymous_0)
DA:1,0
DA:2,0
DA:3,0
LF:3
LH:0
BRDA:2,0,0,0
BRDA:2,0,1,0
BRF:2
BRH:0
end_of_record
TN:
SF:C:\Users\MrDan\Documents\code\twinportrait\src\util\local-storage.js
FNF:0
FNH:0
DA:1,0
LF:1
LH:0
BRDA:1,0,0,0
BRDA:1,0,1,0
BRDA:1,0,2,0
BRF:3
BRH:0
end_of_record
